[  0000000 Itilizi cou subysput
[   0.00] Intiizg cgrop bsyscpu
[    .000] Initializing cgupsuys cacct[    00000Linu vsi 44.0-131-geneicbudd@lw0am4-01) cc rsion 5.4.0 20160609 (Ubuntu 5.4.0-6ubuntu1~16.04.10) ) #157-Ubuntu SMP Thu Jul 12 15:51:36 UTC 2018 (Ubuntu 4.4.0-131.157-generiic 4.4.134)
[    0.000000] Command line: BOOT_IMAGE=/boot/vmlinuz-4.4.0-131-generic root=LABEL=cloudimg-rootfs ro console=tty1 console=ttyS0
[    0.000000] KERNEL supported cpus:
[    0.000000]   Intel GenuineIntel
[    0.000000]   AMD AuthenticAMD
[    0.000000]   Centaur CentaurHauls
[    0.000000] x86/fpu: xstate_offset[2]:  576, xstate_sizes[2]:  256
[    0.000000] x86/fpu: Supporting XSAVE feature 0x01: 'x87 floating point registers'
[    0.000000] x86/fpu: Supporting XSAVE feature 0x02: 'SSE registers'
[    0.000000] x86/fpu: Supporting XSAVE feature 0x04: 'AVX registers'
[    0.000000] x86/fpu: Enabledxstate features 0x7, context size is 832 bytes, using 'standard' format.
[    0.000000] x86/fpu: Using 'eager' FPU context switches.
[    0.000000] e820: BIOS-provided physical RAM map:
[    0.000000] BIOS-e820: [mem 0x0000000000000000-0x000000000009fbff] usable
[    0.000000] BIOS-e820: [mem 0x000000000009fc00-0x000000000009ffff] reserved
[    0.000000] BIOS-e820: [mem 0x00000000000f0000-0x00000000000fffff] reserved
[    0.000000] BIOS-e820: [mem 0x0000000000100000-0x000000003ffeffff] usable
[    0.000000] BIOS-e820: [mem 0x000000003fff0000-0x000000003fffffff] ACPI data
[    0.000000] BIOS-e820: [mem 0x00000000fec00000-0x00000000fec00fff] reserved
[    0.000000] BIOS-e820: [mem 0x00000000fee00000-0x00000000fee00fff] reserved
[    0.000000] BIOS-e820: [mem 0x00000000fffc0000-0x00000000ffffffff] reserved
[    0.000000] NX (Execute Disable) protection: active
[    0.000000] SMBIOS 2.5 present.
[    0.000000] Hypervisor detected: KVM
[    0.000000] e820: last_pfn = 0x3fff0 max_arch_pfn = 0x400000000
[    0.000000] MTRR: Disabled
[    0.000000] x86/PAT: MTRRs disabled, skipping PAT initialization too.
[    0.000000] CPU MTRRs all blank - virtualized system.
[    0.000000] x86/PAT: Configation 0-:   WTUCUC WB  W  - C  
  0.00000]oud SMPP-bl at emx0009fff0-0x0009ffff] mapped at [ffff88000009fff0]
[    0.000000] Scanning 1 areas for low memory corruption
[   000000] RAMDISK: [mem 0x3630c000-0x3717dfff]
[    0.000000] ACPI: Early table checksum vrification disable
[    0.000000] ACP RDP 0x00000000000E0000 000024 (v02 VBOX  )
[    00000ACPI: XDT 0x00000003F003 003(v01VB  BOXXSD 000001SL  0006
[    00000ACPI FP 0000003F00 000F4v04 VBOX   VBOXFACP 00000001 ASL  00000061)
[    0.000000] ACPI: DSDT 0x000000003FFF0470 0021FF (v02 VBOX   VBOXBIOS 00000002 INTL 20100528)
[    0.000000] ACPI: FACS 0x000000003FFF0200 000040
[    0.000000] ACPI: FACS 0x000000003FFF0200 000040
[    0.000000] ACPI: APIC 0x000000003FFF0240 00005C (v02 VBOX   VBOXAPIC 00000001 ASL  00000061)
[    0.000000] ACPI: SSDT 0x000000003FFF02A0 0001CC (v01 VBOX   VBOXCPUT 00000002 INTL 20100528)
[    0.000000] No NUMA configuration found
[    0.000000] Faking a node at [mem 0x0000000000000000-0x000000003ffeffff]
[    0.000000] NODE_DATA(0) allocated [mem 0x3ffeb000-0x3ffeffff]
[    0.000000] kvm-clock: Using msrs 4b564d01 and 4b564d00
[    0.000000] kvm-clock: cpu 0, msr 0:3ffe3001, primary cpu clock
[    0.000000] kvm-clock: using sched offset of 3602793189 cycles
[    0.000000] clocksource: kvm-clock: mask: 0xffffffffffffffff max_cycles: 0x1cd42e4dfb, max_idle_ns: 881590591483 ns
[    0.000000] Zone ranges:
[    0.000000]   DMA      [mem 0x0000000000001000-0x0000000000ffffff]
[    0.0000000]   DMA32    [mem 0x0000000001000000-0x000000003ffeffff]
[    0.000000]   Normal   empty
[    0.000000]   Device   empty
[    0.000000] Movable zone start for each node
[    0.000000] Early memory node ranges
[    0.000000]   node   0: [mem 0x0000000000001000-0x000000000009efff]
[    0.000000]   node   0: [mem 0x0000000000100000-0x000000003ffeffff]
[    0.000000] Initmem setup node 0 [mem 0x0000000000001000-0x000000003ffeffff]
[    0.000000] ACPI: PM-Timer IO Port: 0x4008
[    0.000000] IOAPIC[0]: apic_id 2, version 32, address 0xfec00000, GSI 0-23
[    0.000000] ACPI: INT_SRC_OVR (bus 0 bus_irq 0 global_irq 2 dfl dfl)
[    0.000000] ACPI: INT_SRC_OVR (bus 0 bus_irq 9 global_irq 9 low level)
[    0.000000] Using ACPI (MADT) for SMP configuration information
[    0.000000] smpboot: Allowing 2 CPUs, 0 hotplug CPUs
[    0.000000] PM: Registered nosave memory: [mem 0x00000000-0x00000fff]
[    0.000000] PM: Registered nosave memory: [mem 0x0009f000-0x0009ffff]
[    0.000000] PM: Registered nosave memory: [mem 0x000a0000-0x000effff]
[    0.000000] PM: Registered nosave memory: [mem 0x000f0000-0x000fffff]
[    0.000000] e820: [mem 0x40000000-0xfebfffff] available for PCI devices
[    0.000000] Booting paravirtualized kernel on KVM
[    0.000000] clocksource: refined-jiffies: mask: 0xffffffff max_cycles: 0xffffffff, max_idle_ns: 7645519600211568 ns
[    0.000000] setup_percpu: NR_CPUS:512 nr_cpumask_bits:512 nr_cpu_ds nr_odid1
[    0.000000] PERCPU: Embde34pagespufff8803f0000 s9544 r82 3128 u0476
[   0000]PV qpiochashtae tres: 256 (rd:  409 bes
[    0.000]uilt1 neiss in Node orde milty goungn.  Totalag: 27912[  000000]oly zoe: DMA32
[    0.000000] Kernel command line: BOOT_IMAGE=/boot/vmlinuz-4.4.0-131-generic root=LABEL=cloudimg-rootfs ro console=tty1 console=ttyS0
[    0.000000] PID hash table entries: 4096 (order: 3, 32768 bytes)
[    0.000000] Memory: 997724K/1048120K available (8546K kernel code, 1313K rwdata, 4000K rodata, 1516K init, 1316K bss, 50396K reserved, 0K cma-reserved)
[    0.000000] SLUB: HWalign=64, Order=0-3, MinObjects=0, CPUs=2, Nodes=1
[    0.000000] Kernel/User page tables isolation: enabled
[    0.000000] Hierarchical RCU implementation.
[    0.000000] 	Build-time adjustment of leaf fanout to 64.
[    0.000000] 	RCU restricting CPUs from NR_CPUS=512 to nr_cpu_ids=2.
[    0.000000] RCU: Adjusting geometry for rcu_fanout_leaf=64, nr_cpu_ids=2
[    0.000000] NR_IRQS:33024 nr_irqs:440 16
[    0.000000] Console: colour VGA+ 80x25
[    0.000000] console [tty1] enabled
[    0.000000] console [ttyS0] enabled
[    0.000000] tsc: Detected 2903.998 MHz processor
[    3.016385] Calibrating delay loop (skipped) preset value.. 5807.99 BogoMIPS (lpj=11615992)
[    3.018226] pid_max: default: 32768 minimum: 301
[    3.019164] ACPI: Core revision 20150930
[    3.020724] ACPI: 2 ACPI AML tables successfully acquired and loaded
[    3.022294] Security Framework initialized
[    3.023166] Yama: becoming mindful.
[    3.024030] AppArmor: AppArmor initialized
[    3.024974] Dentry cache hash table entries: 131072 (order: 8, 1048576 bytes)
[    3.027675] Inode-cache hash table entries: 65536 (order: 7, 524288 bytes)
[    3.029139] Mount-cache hash table entries: 2048 (order: 2, 16384 bytes)
[    3.030510] Mountpoint-cache hash table entries: 2048 (order: 2, 16384 bytes)
[    3.032073] Initializing cgrou subsys io
[    3.042644] Initializing cgroup subsys memory
[    3.044858] Initializing cgroup subsys devices
[    3.045644] Initializing cgroup subsys freezer
[    3.046425] Initializing cgroup subsys net_cls
[    3.047233] Initializing cgroup subsys perf_event
[    3.051347] Initializing cgroup subsys net_prio
[    3.124874] Initializing cgroup subsys hugetlb
[    3.225000] Initializing cgroup subsys pids
[    3.304054] CPU: Physical Processor ID: 0
[    3.348028] CPU: Processor Core ID: 0
[    3.409572] mce: CPU supports 0 MCE banks
[    3.449276] Last level iTLB entries: 4KB 64, 2MB 8, 4MB 8
[    3.496495] Last level dTLB entries: 4KB 64, 2MB 0, 4MB 0, 1GB 4
[    3.591459] Spectre V2 : Mitigation: Full generic retpoline
[    3.668561] Spectre V2 : Speculation control IBPB not-supported IBRS not-supported
[    3.761035] Spectre V2 : Filling RSB on context switch
[    3.828662] Speculative Store Bypass: Vulnerable
[    3.892590] Freeing SMP alternatives memory: 32K
[    3.982630] ftrace: allocating 32245 entries in 126 pages
[    4.031867] smpboot: APIC(0) Converting physical 0 to logical package 0
[    4.088407] smpboot: Max logical packages: 1
[    4.089598] x2apic enabled
[    4.090415] Switched APIC routing to physical x2apic.
[    4.092363] ..TIMER: vector=0x30 apic1=0 pin1=2 apic2=-1 pin2=-1
[    4.201067] smpboot: CPU0: Intel(R) Core(TM) i9-8950HK CPU @ 2.90GHz (family: 0x6, model: 0x9e, stepping: 0xa)
[    4.375654] Performance Events: unsupported p6 CPU model 158 no PMU driver, software events only.
[    4.509869] KVM setup paravirtual spinlock
[    4.576113] x86: Booting SMP configuration:
[    4.594310] .... node  #0, CPUs:      #1
[    4.673410] kvm-clock: cpu 1, msr 0:3ffe3041, secondary cpu clock
[    4.802457] mce: CPU supports 0 MCE banks
[    4.852794] x86: Booted up 1 node, 2 CPUs
[    4.885166] smpboot: Total of 2 processors activated (11615.99 BogoMIPS)
[    4.992441] devtmpfs: initialized
[    5.060867] evm: security.selinux
[    5.130773] evm: security.SMACK64
[    5.175049] evm: security.SMACK64EXEC
[    5.175906] evm: security.SMACK64TRANSMUTE
[    5.176831] evm: security.SMACK64MMAP
[    5.177713] evm: security.ima
[    5.178399] evm: security.capability
[    5.179329] clocksource: jiffies: mask: 0xffffffff max_cycles: 0xffffffff, max_idle_ns: 7645041785100000 ns
[    5.181284] futex hash table entries: 512 (order: 3, 32768 bytes)
[    5.182689] pinctrl core: initialized pinctrl subsystem
[    5.183866] RTC time:  4:34:39, date: 08/06/18
[    5.184959] NET: Registered protocol family 16
[    5.194233] cpuidle: using governor ladder
[    5.206466] cpuidle: using governor menu
[    5.207383] PCCT header not found.
[    5.208199] ACPI: bus type PCI registered
[    5.208992] acpiphp: ACPI Hot Plug PCI Controller Driver version: 0.5
[    5.210217] PCI: Using configuration type 1 for base access
[    5.223234] ACPI: Added _OSI(Module Device)
[    5.262816] ACPI: Added _OSI(Processor Device)
[    5.311160] ACPI: Added _OSI(3.0 _SCP Extensions)
[    5.375002] ACPI: Added _OSI(Processor Aggregator Device)
[    5.468256] ACPI: Executed 1 blocks of module-level executable AML code
[    5.593733] ACPI: Interpreter enabled
[    5.660599] ACPI: (supports S0 S5)
[    5.691982] ACPI: Using IOAPIC for interrupt routing
[    5.793062] PCI: Using host bridge windows from ACPI; if necessary, use "pci=nocrs" and report a bug
[    5.966915] ACPI: PCI Root Bridge [PCI0] (domain 0000 [bus 00-ff])
[    6.051803] acpi PNP0A03:00: _OSC: OS supports [ASPM ClockPM Segments MSI]
[    6.170206] acpi PNP0A03:00: _OSC: not requesting OS control; OS requires [ExtendedConfig ASPM ClockPM MSI]
[    6.256766] acpi PNP0A03:00: fail to add MMCONFIG information, can't access extended PCI configuration space under this bridge.
[    6.259326] PCI host bridge to bus 0000:00
[    6.260221] pci_bus 0000:00: root bus resource [io  0x0000-0x0cf7 window]
[    6.261587] pci_bus 0000:00: root bus resource [io  0x0d00-0xffff window]
[    6.262877] pci_bus 0000:00: root bus resource [mem 0x000a0000-0x000bffff window]
[    6.264685] pci_bus 0000:00: root bus resource [mem 0x40000000-0xfdffffff window]
[    6.266599] pci_bus 0000:00: root bus resource [bus 00-ff]
[    6.269962] pci 0000:00:01.1: legacy IDE quirk: reg 0x10: [io  0x01f0-0x01f7]
[    6.271783] pci 0000:00:01.1: legacy IDE quirk: reg 0x14: [io  0x03f6]
[    6.279917] pci 0000:00:01.1: legacy IDE quirk: reg 0x18: [io  0x0170-0x0177]
[    6.283921] pci 0000:00:01.1: legacy IDE quirk: reg 0x1c: [io  0x0376]
[    6.296247] pci 0000:00:07.0: quirk: [io  0x4000-0x403f] claimed by PIIX4 ACPI
[    6.297642] pci 0000:00:07.0: quirk: [io  0x4100-0x410f] claimed by PIIX4 SMB
[    6.302335] ACPI: PCI Interrupt Link [LNKA] (IRQs 5 9 10 *11)
[    6.371989] ACPI: PCI Interrupt Link [LNKB] (IRQs 5 9 *10 11)
[    6.455473] ACPI: PCI Interrupt Link [LNKC] (IRQs 5 *9 10 11)
[    6.529441] ACPI: PCI Interrupt Link [LNKD] (IRQs 5 9 10 *11)
[    6.591903] ACPI: Enabled 2 GPEs in block 00 to 07
[    6.662330] vgaarb: setting as boot device: PCI:0000:00:02.0
[    6.769433] vgaarb: device added: PCI:0000:00:02.0,decodes=io+mem,owns=io+mem,locks=none
[    6.888452] vgaarb: loaded
[    6.921466] vgaarb: bridge control possible 0000:00:02.0
[    7.005482] SCSI subsystem initialized
[    7.009065] ACPI: bus type USB registered
[    7.061097] usbcore: registered new interface driver usbfs
[    7.138349] usbcore: registered new interface driver hub
[    7.225132] usbcore: registered new device driver usb
[    7.315514] PCI: Using ACPI for IRQ routing
[    7.336410] NetLabel: Initializing
[    7.341222] NetLabel:  domain hash size = 128
[    7.349010] NetLabel:  protocols = UNLABELED CIPSOv4
[    7.350116] NetLabel:  unlabeled traffic allowed by default
[    7.351328] amd_nb: Cannot enumerate AMD northbridges
[    7.352408] clocksource: Switched to clocksource kvm-clock
[    7.360602] AppArmor: AppArmor Flesyemnaed[  7504]npPnAC it   7061]npPnP APIfond dic
[    8.327600] clocksource: acpi_pm: mask: 0xffffff max_cycles: 0xffffff, max_idle_ns: 2085701024 ns
[    8.430731] NET: Registered protocol family 2
[    8.431927] TCP established hash table entries: 8192 (order: 4, 65536 bytes)
[    8.433568] TCP bind hash table entries: 8192 (order: 5, 131072 bytes)
[    8.439342] TCP: Hash tables configured (established 8192 bind 8192)
[    8.440877] UDP hash table entries: 512 (order: 2, 16384 bytes)
[    8.446437] UDP-Lite hash table entries: 512 (order: 2, 16384 bytes)
[    8.447832] NET: Registered protocol family 1
[    8.448810] pci 0000:00:00.0: Limiting direct PCI/PCI transfers
[    8.450006] pci 0000:00:01.0: Activating ISA DMA hang workarounds
[    8.451319] Unpacking initramfs...
[    8.615459] Freeing initrd memory: 14792K
[    8.694633] platform rtc_cmos: registered platform RTC device (n  PNP device found)
[    8.826276] Scanning for low memory corruption every 60 seconds
[    8.927633] audit: initializing netlink subsys (disabled)
[    9.077467] audit: type=2000 audit(1533530081.717:1): initialized
[    9.216239] Initialise system trusted keyring
[    9.259534] HugeTLB registered 2 MB page size, pre-allocated 0 pages
[    9.373829] zbud: loaded
[    9.429511]VVFS: Disk quotas dquot_6.6.0
[    9.509280] VFS: Dquot-cache hash table entries: 512 (order 0, 4096 bytes)
[    9.515683] squashfs: version 4.0 (2009/01/31) Phillip Lougher
[    9.517192] fuse init (API version 7.23)
[    9.518137] Key type big_key registered
[    9.519003] Allocating IMA MOK and blacklist keyrings.
[    9.520971] Key type asymmetric registered
[    9.521930] Asymmetric key parser 'x509' registered
[    9.522930] Block layer SCSI generic (bsg) driver version 0.4 loaded (major 249)
[    9.524532] io scheduler noop registered
[    9.525435] io scheduler deadline registered (default)
[    9.526553] io scheduler cfq registered
[    9.527459] pci_hotplug: PCI Hot Plug PCI Core version: 0.5
[    9.528648] pciehp: PCI Express Hot Plug Controller Driver version: 0.4
[    9.530378] ACPI: AC Adapter [AC] (on-line)
[    9.531366] input: Power Button as /devices/LNXSYSTM:00/LNXPWRBN:00/input/input0
[    9.533038] ACPI: Power Button [PWRF]
[    9.533934] input: Sleep Button as /devices/LNXSYSTM:00/LNXSLPBN:00/input/input1
[    9.535531] ACPI: Sleep Button [SLPF]
[    9.536545] GHES: HEST is not enabled!
[    9.537436] ACPI: Battery Slot [BAT0] (battery present)
[    9.538726] Serial: 8250/16550 driver, 32 ports, IRQ sharing enabled
[    9.563597] 00:02: ttyS0 at I/O xx3f8 (irq = 4, base_baud = 115200) is a 16550A
[    9.871261] tsc: Refined TSC clocksource calibration: 2904.983 MHz
[   10.091713] clocksource: tsc: mask: 0xffffffffffffffff max_cycles: 0x29dfa681e34, max_idle_ns: 440795284020 ns
[   10.092642] Linux agpgart interface v0.103
[   10.345] oo mdule aded

[   10.596126] scsi host0: ata_piix
[   10.597044] scsi host1: ata_piix
[   10.597835] ata1: PATA max UDMA/33 cmd 0x1f0 ctl 0x3f6 bmdma 0xd000 irq 14
[   10.599144] ata2: PATA max UDMA/33 cmd 0x170 ctl 0x376 bmdma 0xd008 irq 15
[   10.600508] libphy: Fixed MDIO Bus: probed
[   10.601419] tun: Universal TUN/TAP device driver, 1.6
[   10.602439] tun: (C) 1999-2004 Max Krasnyansky <maxk@qualcomm.com>
[   10.603636] PPP generic driver version 2.4.2
[   10.604608] ehci_hcd: USB 2.0 'Enhanced' Host Controller (EHCI) Driver
[   10.606076] ehci-pci: EHCI PCI platform driver
[   10.606990] ehci-platform: EHCI generic platform driver
[   10.608081] ohci_hcd: USB 1.1 'Open' Host Controller (OHCI) Driver
[   10.609273] ohci-pci: OHCI PCI platform driver
[   10.610188] ohci-platform: OHCI generic platform driver
[   10.611251] uhci_hcd: USB Universal Host Controller Interface driver
[   10.612535] i8042: PNP: PS/2 Controller [PNP0303:PS2K,PNP0f03:PS2M] at 0x60,0x64 irq 1,12
[   10.614597] serio: i8042 KBD port at 0x60,0x64 irq 1
[   10.615595] serio: i8042 AUX port at 0x60,0x64 irq 12
[   10.616705] mousedev: PS/2 mouse device common for all mice
[   10.617980] input: AT Translated Set 2 keyboard as /devices/platform/i8042/serio0/input/input2
[   10.620029] rtc_cmos rtc_cmos: rtc core: registered rtc_cmos as rtc0
[   10.621302] rtc_cmos rtc_cmos: alarms up to one day, 114 bytes nvram
[   10.622794] i2c /dev entries driver
[   10.623587] device-mapper: uevent: version 1.0.3
[   10.624626] device-mapper: ioctl: 4.34.0-ioctl (2015-10-28) initialised: dm-devel@redhat.com
[   10.626363] ledtrig-cpu: registered to indicate activity on CPUs
[   10.627905] NET: Registered protocol family 10
[   10.629043] NET: Registered protocol family 17
[   10.630069] Key type dns_resolver registered
[   10.631345] registered taskstats version 1
[   10.632145] Loading compiled-in X.509 certificates
[   10.633455] Loaded X.509 cert 'Build time autogenerated kernel key: 8f274abdf49cd12572c1533a34d1eafea768213f'
[   10.635220] zswap: loaded using pool lzo/zbud
[   10.637598] Key type trusted registered
[   10.711775] Key type encrypted registered
[   10.792676] AppArmor: AppArmor sha1 policy hashing enabled
[   10.890138] ima: No TPM chip found, activating TPM-bypass!
[   11.002584] ima: Allocated hash algorithm: sha1
[   11.053015] evm: HMAC attrs: 0x1
[   11.102395]   Magic number: 14:911:564
[   11.156510] rtc_cmos rtc_cmos: setting system clock to 2018-08-06 04:34:45 UTC (1533530085)
[   11.290803] BIOS EDD facility v0.16 2004-Jun-25, 0 devices found
[   11.391642] EDD information not available.
[   11.477757] Freeing unused kernel memory: 1516K
[   11.588756] Write protecting the kernel read-only data: 14336k
[   11.680671] Freeing unused kernel memory: 1680K
[   11.681845] Freeing unused kernel memory: 96K
Loading, please wait...
starting version 229
[   11.692584] random: systemd-udevd: uninitialized urandom read (16 bytes read, 5 bits of entropy available)
[   11.692624] random: udevadm: uninitialized urandom read (16 bytes read, 5 bits of entropy available)
[   11.692640] random: udevadm: uninitialized urandom read (16 bytes read, 5 bits of entropy available)
[   11.697773] random: udevadm: uninitialized urandom read (16 bytes read, 5 bits of entropy available)
[   11.697803] random: udevadm: uninitialized urandom read (16 bytes read, 5 bits of entropy available)
[   11.697889] random: udevadm: uninitialized urandom read (16 bytes read, 5 bits of entropy available)
[   11.697922] random: udevadm: uninitialized urandom read (16 bytes read, 5 bits of entropy available)
[   11.697953] random: udevadm: uninitialized urandom read (16 bytes read, 5 bits of entropy available)
[   11.697984] random: udevadm: uninitialized urandom read (16 bytes read, 5 bits of entropy available)
[   11.698014] random: udevadm: uninitialized urandom read (16 bytes read, 5 bits of entropy available)
[   11.734256] e1000: Intel(R) PRO/1000 Network Driver - version 7.3.21-k8-NAPI
[   11.832750] e1000: Copyright (c) 1999-2006 Intel Corporation.
[   11.916591] Fusion MPT base driver 3.04.20
[   11.922406] Copyright (c) 1999-2008 LSI Corporation
[   11.925815] AVX2 version of gcm_enc/dec engaged.
[   11.926944] AES CTR mode by8 optimization enabled
[   11.932281] Fusion MPT SPI Host driver 3.04.20
[   12.097396] input: ImExPS/2 Generic Explorer Mouse as /devices/platform/i8042/serio1/input/input4
[   12.261139] e1000 0000:00:03.0 eth0: (PCI:33MHz:32-bit) 02:17:6d:c2:33:c4
[   12.261142] e1000 0000:00:03.0 eth0: Intel(R) PRO/1000 Network Connection
[   12.332417] e1000 0000:00:03.0 enp0s3: renamed from eth0
[   12.448875] mptbase: ioc0: Initiating bringup
[   12.512562] ioc0: LSI53C1030 A0: Capabilities={Initiator}
[   12.766438] scsi host2: ioc0: LSI53C1030 A0, FwRev=00000000h, Ports=1, MaxQ=256, IRQ=20
[   12.896836] scsi 2:0:0:0: Direct-Access     VBOX     HARDDISK         1.0  PQ: 0 ANSI: 5
[   13.065404] scsi target2:0:0: Beginning Domain Validation
[   13.135982] scsi target2:0:0: Domain Validation skipping write tests
[   13.265243] scsi target2:0:0: Ending Domain Validation
[   13.350265] scsi target2:0:0: asynchronous
[   13.898263] scsi 2:0:1:0: Direct-Access     VBOX     HARDDISK         1.0  PQ: 0 ANSI: 5
[   14.005435] scsi target2:0:1: Beginning Domain Validation
[   14.104451] scsi target2:0:1: Domain Validation skipping write tests
[   14.817209] scsi target2:0:1: Ending Domain Validation
[   14.930956] scsi target2:0:1: asynchronous
[   14.938293] sd 2:0:0:0: Attached scsi generic sg0 type 0
[   14.939813] sd 2:0:0:0: [sda] 20971520 512-byte logical blocks: (10.7 GB/10.0 GiB)
[   14.942075] sd 2:0:1:0: Attached scsi generic sg1 type 0
[   14.943530] sd 2:0:1:0: [sdb] 20480 512-byte logical blocks: (10.5 MB/10.0 MiB)
[   14.943719] sd 2:0:0:0: [sda] Write Protect is off
[   14.943847] sd 2:0:0:0: [sda] Incomplete mode parameter data
[   14.943848] sd 2:0:0:0: [sda] Assuming drive cache: write through
[   14.945324]  sda: sda1
[   14.946130] sd 2:0:0:0: [sda] Attached SCSI disk
[   14.953451] sd 2:0:1:0: [sdb] Write Protect is off
[   14.954665] sd 2:0:1:0: [sdb] Incomplete mode parameter data
[   14.956048] sd 2:0:1:0: [sdb] Assuming drive cache: write through
[   14.960281] sd 2:0:1:0: [sdb] Attached SCSI disk
Begin: Loading e[   16.211364] md: linear personality registered for level -1
ssential drivers ... [   16.274499] md: multipath personality registered for level -4
[   16.277184] md: raid0 personality registered for level 0
[   16.279851] md: raid1 personality registered for level 1
[   16.452972] raid6: sse2x1   gen() 14208 MB/s
[   16.656432] raid6: sse2x1   xor() 10315 MB/s
[   16.888898] raid6: sse2x2   gen() 18113 MB/s
[   17.084637] raid6: sse2x2   xor() 11411 MB/s
[   17.180545] raid6: sse2x4   gen() 17381 MB/s
[   17.339970] raid6: sse2x4   xor() 11771 MB/s
[   17.477068] raid6: avx2x1   gen() 27237 MB/s
[   17.620700] raid6: avx2x2   gen() 32049 MB/s
[   17.813169] raid6: avx2x4   gen() 35733 MB/s
[   17.952117] raid6: using algorithm avx2x4 gen() 35733 MB/s
[   18.031585] raid6: using avx2x2 recovery algorithm
[   18.138848] xor: automatically using best checksumming function:
[   18.204593]    avx       : 32238.000 MB/sec
[   18.210030] async_tx: api initialized (async)
[   18.217339] md: raid6 personality registered for level 6
[   18.218716] md: raid5 personality registered for level 5
[   18.220142] md: raid4 personality registered for level 4
[   18.225159] md: raid10 personality registered for level 10
done.
Begin: Running /scripts/init-premount ... done.
Begin: Mounting root file system ... Begin: Running /scripts/local-top ... done.
Begin: Running /scripts/local-premount ... [   18.253492] Btrfs loaded
Scanning for Btrfs filesystems
done.
[   18.314232] EXT4-fs (sda1): mounted filesystem with ordered data mode. Opts: (null)
Warning: fsck not present, so skipping root file system
done.
Begin: Running /scripts/local-bottom ... done.
Begin: Running /scripts/init-bottom ... done.
[   18.529972] systemd[1]: systemd 229 running in system mode. (+PAM +AUDIT +SELINUX +IMA +APPARMOR +SMACK +SYSVINIT +UTMP +LIBCRYPTSETUP +GCRYPT +GNUTLS +ACL +XZ -LZ4 +SECCOMP +BLKID +ELFUTILS +KMOD -IDN)
[   18.689055] systemd[1]: Detected virtualization oracle.
[   18.758977] systemd[1]: Detected architecture x86-64.

Welcome to [1mUbuntu 16.04.5 LTS[0m!

[   18.869372] systemd[1]: Set hostname to <ubuntu>.
[   18.933008] systemd[1]: Initializing machine ID from random generator.
[   19.057890] systemd[1]: Installed transient /etc/machine-id file.
[   19.224921] systemd[1]: Listening on LVM2 metadata daemon socket.
[[0;32m  OK  [0m] Listening on LVM2 metadata daemon socket.
[   19.227413] systemd[1]: Listening on Device-mapper event daemon FIFOs.
[[0;32m  OK  [0m] Listening on Device-mapper event daemon FIFOs.
[   19.232519] systemd[1]: Listening on Journal Socket.
[[0;32m  OK  [0m] Listening on Journal Socket.
[   19.295824] systemd[1]: Reached target Swap.
[[0;32m  OK  [0m] Reached target Swap.
[   19.298348] systemd[1]: Listening on /dev/initctl Compatibility Named Pipe.
[[0;32m  OK  [0m] Listening on /dev/initctl Compatibility Named Pipe.
[   19.303920] systemd[1]: Created slice User and Session Slice.
[[0;32m  OK  [0m] Created slice User and Session Slice.
[   19.306986] systemd[1]: Listening on Syslog Socket.
[[0;32m  OK  [0m] Listening on Syslog Socket.
[   19.309813] systemd[1]: Listening on LVM2 poll daemon socket.
[[0;32m  OK  [0m] Listening on LVM2 poll daemon socket.
[   19.312379] systemd[1]: Listening on udev Kernel Socket.
[[0;32m  OK  [0m] Listening on udev Kernel Socket.
[   19.322703] systemd[1]: Started Forward Password Requests to Wall Directory Watch.
[[0;32m  OK  [0m] Started Forward Password Requests to Wall Directory Watch.
[   19.326287] systemd[1]: Listening on Journal Socket (/dev/log).
[[0;32m  OK  [0m] Listening on Journal Socket (/dev/log).
[   19.328749] systemd[1]: Listening on Journal Audit Socket.
[[0;32m  OK  [0m] Listening on Journal Audit Socket.
[   19.331195] systemd[1]: Set up automount Arbitrary Executable File Formats File System Automount Point.
[[0;32m  OK  [0m] Set up automount Arbitrary Executab...ats File System Automount Point.
[   19.334612] systemd[1]: Listening on udev Control Socket.
[[0;32m  OK  [0m] Listening on udev Control Socket.
[   19.336624] systemd[1]: Reached target Encrypted Volumes.
[[0;32m  OK  [0m] Reached target Encrypted Volumes.
[   19.345147] systemd[1]: Reached target System Time Synchronized.
[[0;32m  OK  [0m] Reached target System Time Synchronized.
[   19.457168] systemd[1]: Created slice System Slice.
[[0;32m  OK  [0m] Created slice System Slice.
[   19.601090] systemd[1]: Starting Set console keymap...
         Starting Set console keymap...
[   19.752761] systemd[1]: Starting Nameserver information manager...
         Starting Nameserver information manager...
[   19.893134] systemd[1]: Mounting Debug File System...
[   19.894379] random: nonblocking pool is initialized
         Mounting Debug File System...
[   20.133015] systemd[1]: Starting Uncomplicated firewall...
         Starting Uncomplicated firewall...
[   20.260801] systemd[1]: Starting Remount Root and Kernel File Systems...
[   20.263703] EXT4-fs (sda1): re-mounted. Opts: (null)
         Starting Remount Root and Kernel File Systems...
[   20.379367] systemd[1]: Reached target Slices.
[[0;32m  OK  [0m] Reached target Slices.
[   20.382565] systemd[1]: Starting Monitoring of LVM2 mirrors, snapshots etc. using dmeventd or progress polling...
         Starting Monitoring of LVM2 mirrors... dmeventd or progress polling...
[   20.389757] systemd[1]: Starting Create list of required static device nodes for the current kernel...
         Starting Create list of required st... nodes for the current kernel...
[   20.393940] systemd[1]: Created slice system-serial\x2dgetty.slice.
[[0;32m  OK  [0m] Created slice system-serial\x2dgetty.slice.
[   20.397309] systemd[1]: Mounting Huge Pages File System...
         Mounting Huge Pages File System...
[   20.401219] systemd[1]: Starting Load Kernel Modules...
         Starting Load Kernel Modules...
[   20.407670] Loading iSCSI transport class v2.0-870.
[   20.408322] systemd[1]: Starting Journal Service...
         Starting Journal Service...
[   20.412760] systemd[1]: Mounting POSIX Message Queue File System...
         Mounting POSIX Message Queue File System...
[   20.415792] systemd[1]: Started Trigger resolvconf update for networkd DNS.
[[0;32m  OK  [0m] Started Trigger resolvconf update for networkd DNS.
[   20.418851] systemd[1]: Reached target User and Group Name Lookups.
[[0;32m  OK  [0m] Reached target User and Group Name Lookups.
[   20.424231] systemd[1]: Mounted POSIX Message Queue File System.
[[0;32m  OK  [[   20.473023] iscsi: registered transport (tcp)
0m] Mounted POSIX Message Queue [   20.622848] iscsi: registered transport (iser)
File System.
[   20.764685] systemd[1]: Mounted Debug File System.
[[0;32m  OK  [0m] Mounted Debug File System.
[   20.872797] systemd[1]: Mounted Huge Pages File System.
[[0;32m  OK  [0m] Mounted Huge Pages File System.
[   21.076884] systemd[1]: Started Journal Service.
[[0;32m  OK  [0m] Started Journal Service.
[[0;32m  OK  [0m] Started Set console keymap.
[[0;32m  OK  [0m] Started Uncomplicated firewall.
[[0;32m  OK  [0m] Started Remount Root and Kernel File Systems.
[[0;32m  OK  [0m] Started Create list of required sta...ce nodes for the current kernel.
[[0;32m  OK  [0m] Started Load Kernel Modules.
[[0;32m  OK  [0m] Started Nameserver information manager.
[[0;32m  OK  [0m] Started LVM2 metadata daemon.
         Starting Apply Kernel Variables...
         Mounting FUSE Control File System...
         Starting Create Static Device Nodes in /dev...
         Starting Load/Save Random Seed...
         Starting udev Coldplug all Devices...
         Starting Flush Journal to Persistent Storage...
[[0;32m  OK  [0m] Mounted FUSE Control File System.
[[0;32m  OK  [0m] Started Apply Kernel Variables.
[[0;32m  OK  [0m] Started Create Static Device Nodes in /dev.
[[0;32m  OK  [0m] Started Load/Save Random Seed.
[[0;32m  OK  [0m] Started Flush Journal to Persistent Storage.
[[0;32m  OK  [0m] Started udev Coldplug all Devices.
         Starting udev Kernel Device Manager...
[[0;32m  OK  [0m] Started udev Kernel Device Manager.
[[0;32m  OK  [0m] Started Dispatch Password Requests to Console Directory Watch.
[[0;32m  OK  [0m] Started Monitoring of LVM2 mirrors,...ng dmeventd or progress polling.
[[0;32m  OK  [0m] Reached target Local File Systems (Pre).
[[0;32m  OK  [0m] Reached target Local File Systems.
         Starting Create Volatile Files and Directories...
         Starting Tell Plymouth To Write Out Runtime Data...
         Starting Set console font and keymap...
         Starting LSB: AppArmor initialization...
         Starting Initial cloud-init job (pre-networking)...
         Starting Commit a transient machine-id on disk...
[[0;32m  OK  [0m] Started Create Volatile Files and Directories.
[[0;32m  OK  [0m] Started Tell Plymouth To Write Out Runtime Data.
[[0;32m  OK  [0m] Started Commit a transient machine-id on disk.
[[0;32m  OK  [0m] Found device /dev/ttyS0.
[[0;32m  OK  [0m] Listening on Load/Save RF Kill Switch Status /dev/rfkill Watch.
         Starting Update UTMP about System Boot/Shutdown...
[[0;32m  OK  [0m] Started Update UTMP about System Boot/Shutdown.
[[0;32m  OK  [0m] Started LSB: AppArmor initialization.
[[0;32m  OK  [0m] Started Set console font and keymap.
[   16.247313] cloud-init[621]: Cloud-init v. 18.2 running 'init-local' at Mon, 06 Aug 2018 04:34:57 +0000. Up 15.99 seconds.
[[0;32m  OK  [0m] Started Initial cloud-init job (pre-networking).
[[0;32m  OK  [0m] Reached target Network (Pre).
[[0;32m  OK  [0m] Created slice system-getty.slice.
         Starting Raise network interfaces...
[[0;32m  OK  [0m] Started Raise network interfaces.
[[0;32m  OK  [0m] Reached target Network.
         Starting Initial cloud-init job (metadata service crawler)...
[   17.459779] cloud-init[929]: Cloud-init v. 18.2 running 'init' at Mon, 06 Aug 2018 04:34:58 +0000. Up 16.96 seconds.
[   17.532832] cloud-init[929]: ci-info: +++++++++++++++++++++++++++++++++++++Net device info++++++++++++++++++++++++++++++++++++++
[[0;32m  OK  [0m] Started Initial cloud-init job (metadata service crawler).
[[0;32m  OK  [0m] Reached target Network is Online.
[   17.603822] cloud-init[929]: ci-info: +--------+------+----------------------------+---------------+-------+-------------------+
[   17.768464]          cloud-initStarting iSCSI initiator daemon (iscsid)...[929]: 
ci-info: | Device |  Up  |          Address           |      Mask     | Scope |     Hw-Address    |
[   17.920627] [cloud-init[0;32m  OK  [0m[929]: ] ci-info: +--------+------+----------------------------+---------------+-------+-------------------+Reached target System Initialization.

[[0;32m  OK  [0m] Started ACPI Events Check.
[[0;32m  OK  [0m] Reached target Paths.
[   18.047122] cloud-init[929]: ci-info: | enp0s3 | True |         10.0.2.15          | 255.255.255.0 |   .   | 02:17:6d:c2:33:c4 |
[[0;32m  OK  [0m] [   18.056205] cloud-init[929]: ci-info: | enp0s3 | True | fe80::17:6dff:fec2:33c4/64 |       .       |  link | 02:17:6d:c2:33:c4 |
[   18.059338] cloud-init[929]: Listening on D-Bus System Message Bus Socket.
[[0;32m  OK  [0m] Listening on ACPID Listen Socket.
[[0;32m  OK  [0m] Listening on UUID daemon activation socket.ci-info: |   lo   | True |         127.0.0.1          |   255.0.0.0   |   .   |         .         |
[   18.066504] cloud-init[929]: ci-info: |   lo   | True |          ::1/128           |       .       |  host |         .         |
[[0;32m  OK  [0m] Started Daily apt download activities.
[[0;32m  OK  [0m] Started Daily apt upgrade and clean activities.

[   18.073421] cloud-init[929]: ci-info: +--------+------+----------------------------+---------------+-------+-------------------+         Starting LXD - unix socket.
         
[   18.078073] cloud-init[929]: ci-info: +++++++++++++++++++++++++++Route IPv4 info++++++++++++++++++++++++++++
[   18.078136] cloud-init[929]: ci-info: +-------+-------------+----------+---------------+-----------+-------+
[   18.078403] cloud-init[929]: ci-info: | Route | Destination | Gateway  |    Genmask    | Interface | Flags |
[   18.078656] cloud-init[929]: ci-info: +-------+-------------+----------+---------------+-----------+-------+
[   18.079745] cloud-init[929]: ci-info: |   0   |   0.0.0.0   | 10.0.2.2 |    0.0.0.0    |   enp0s3  |   UG  |
[   18.080088] cloud-init[929]: ci-info: |   1   |   10.0.2.0  | 0.0.0.0  | 255.255.255.0 |   enp0s3  |   U   |
[   18.080760] cloud-init[929]: ci-info: +-------+-------------+----------+---------------+-----------+-------+
[   18.080953] cloud-init[929]: Generating public/private rsa key pair.
[   18.081208] cloud-init[929]: Your identification has been saved in /etc/ssh/ssh_host_rsa_key.
[   18.081459] cloud-init[929]: Your public key has been saved in /etc/ssh/ssh_host_rsa_key.pub.
[   18.081707] cloud-init[929]: The key fingerprint is:
[   18.081903] cloud-init[929]: SHA256:zT4kB7IdQieJu12FBygTvPcVDkfjXxCPs8SvLRc5vxY root@ubuntu-xenial
[   18.082113] cloud-init[929]: The key's randomart image is:
[   18.082410] cloud-init[929]: +---[RSA 2048]----+
[   18.082617] cloud-init[929]: |   ..oooo+o o.   |
[   18.082860] cloud-init[929]: |    =.ooo.=o +   |
[   18.083091] cloud-init[929]: |     =o o*..= o  |
[   18.083300] cloud-init[929]: |    o .=.=oo = . |
[   18.083518] cloud-init[929]: |     +.oS.= o =  |
[   18.083735] cloud-init[929]: |    . . .=   o E |
[   18.083931] cloud-init[929]: |          o o o o|
[   18.084510] cloud-init[929]: |           . o ..|
[   18.084810] cloud-init[929]: |              .. |
[   18.085332] cloud-init[929]: +----[SHA256]-----+
[   18.085407] cloud-init[929]: Generating public/private dsa key pair.
[   18.085787] cloud-init[929]: Your identification has been saved in /etc/ssh/ssh_host_dsa_key.
[   18.086269] cloud-init[929]: Your public key has been saved in /etc/ssh/ssh_host_dsa_key.pub.
Starting Socket activation for snappy daemon.
[[   18.086314] cloud-init[929]: The key fingerprint is:
[   19.148959] cloud-init[929]: SHA256:KEZoOovVADla+pC8Hp2Tqzf7bSUo3xf7Fwe7cqJq4oY root@ubuntu-xenial
[   19.149199] cloud-init[929]: The key's randomart image is:
[   19.149530] cloud-init[929]: +---[DSA 1024]----+
[   19.149825] cloud-init[929]: |..               |
[   19.150139] cloud-init[929]: |o...             |
[   19.150423] cloud-init[929]: |o=+ .            |
[   19.150704] cloud-init[929]: |=+ +   .     .   |
[   19.151011] cloud-init[929]: |oo+ * o S     o  |
[   19.151309] cloud-init[929]: |.*.B o . o   o . |
[   19.151677] cloud-init[929]: |+ . * . o o   +  |
[0;32m  OK  [0m] Started Daily Cleanup of Temporary Directories.
[   19.152632] cloud-init[929]: | . E +.+ o o +   |
[   19.163762] cloud-init[929]: | .o.*o+oo.o.=    |
[   19.164096] cloud-init[929]: +----[SHA256]-----+
[   19.164353] cloud-init[929]: Generating public/private ecdsa key pair.
[   19.164597] cloud-init[929]: Your identification has been saved in /etc/ssh/ssh_host_ecdsa_key.
[   19.164868] cloud-init[929]: Your public key has been saved in /etc/ssh/ssh_host_ecdsa_key.pub.
[   19.165140] cloud-init[929]: The key fingerprint is:
[   19.165399] cloud-init[929]: SHA256:NbvPMwErTo/DUo9acr/SX9x0QT1yADcvdqQQWHiafew root@ubuntu-xenial
[   19.165663] cloud-init[929]: The key's randomart image is:
[   19.165939] cloud-init[929]: +---[ECDSA 256]---+
[   19.166234] cloud-init[929]: |          +=o+.o.|
[   19.166498] cloud-init[929]: |         o .o.*o.|
[   19.166789] cloud-init[929]: |          B .+o+.|
[   19.167066] cloud-init[929]: |         +.+.oo .|
[   19.167331] cloud-init[929]: |        S .oo   o|
[   19.167618] cloud-init[929]: |        + ...E o.|
[   19.167918] cloud-init[929]: |      .=oB.  .o .|
[   19.168317] cloud-init[929]: |      .+B.+oo.   |
[   19.169180] cloud-init[929]: |      .o ooo+o   |
[   19.169549] cloud-init[929]: +----[SHA256]-----+
[   19.170106] cloud-init[929]: Generating public/private ed25519 key pair.
[   19.170388] cloud-init[929]: Your identification has been saved in /etc/ssh/ssh_host_ed25519_key.
[   19.170957] cloud-init[929]: Your public key has been saved in /etc/ssh/ssh_host_ed25519_key.pub.
[   19.171202] cloud-init[929]: The key fingerprint is:
[   19.171447] cloud-init[929]: SHA256:hFCFsAu1laRumjT/1i+u5/nv+NwqrZ0J7QU+TCPii28 root@ubuntu-xenial
[   19.171765] cloud-init[929]: The key's randomart image is:
[   19.172007] cloud-init[929]: +--[ED25519 256]--+
[   19.172572] cloud-init[929]: |    ++++.        |
[   19.173290] cloud-init[929]: |   . *o.         |
[   19.173575] cloud-init[929]: |  . + . .        |
[   19.173808] cloud-init[929]: |   o . .         |
[   19.174096] cloud-init[929]: |  o +   S . +    |
[   19.174628] cloud-init[929]: | . *   . . * o   |
[   19.174892] cloud-init[929]: |  o .  .. ..= .  |
[   19.175181] cloud-init[929]: |     ...Eo.*.*   |
[   19.175473] cloud-init[929]: |     .+B*+=*@..  |
[   19.175734] cloud-init[929]: +----[SHA256]-----+
[[0;32m  OK  [0m] Reached target Timers.
[[0;32m  OK  [0m] Reached target Cloud-config availability.
[[0;32m  OK  [0m] Listening on LXD - unix socket.
[[0;32m  OK  [0m] Listening on Socket activation for snappy daemon.
[[0;32m  OK  [0m] Started iSCSI initiator daemon (iscsid).
         Starting Login to default iSCSI targets...
[[0;32m  OK  [0m] Reached target Sockets.
[[0;32m  OK  [0m] Reached target Basic System.
         Starting Accounts Service...
         Starting /etc/rc.local Compatibility...
[[0;32m  OK  [0m] Started D-Bus System Message Bus.
         Starting Pollinate to seed the pseudo random number generator...
         Starting LSB: MD monitoring daemon...
[[0;32m  OK  [0m] Started Unattended Upgrades Shutdown.
[[0;32m  OK  [0m] Started Regular background program processing daemon.
         Starting LSB: Record successful boot for GRUB...
         Starting Snappy daemon...
[[0;32m  OK  [0m] Started Deferred execution scheduler.
[[0;32m  OK  [0m] Started ACPI event daemon.
         Starting System Logging Service...
         Starting Login Service...
         Starting Virtualbox guest utils...
         Starting Apply the settings specified in cloud-config...
[[0;32m  OK  [0m] Started FUSE filesystem for LXC.
         Starting LXD - container startup/shutdown...
[[0;32m  OK  [0m] Started System Logging Service.
[[0;32m  OK  [0m] Started /etc/rc.local Compatibility.
[[0;32m  OK  [0m] Started LSB: Record successful boot for GRUB.
[[0;32m  OK  [0m] Started LSB: MD monitoring daemon.
[[0;32m  OK  [0m] Started Login to default iSCSI targets.
[[0;32m  OK  [0m] Started Snappy daemon.
[[0;32m  OK  [0m] Started LXD - container startup/shutdown.
         Starting Authenticate and Authorize Users to Run Privileged Tasks...
         Starting Wait until snapd is fully seeded...
[[0;32m  OK  [0m] Reached target Remote File Systems (Pre).
[[0;32m  OK  [0m] Reached target Remote File Systems.
         Starting LSB: daemon to balance interrupts for SMP systems...
         Starting Permit User Sessions...
         Starting LSB: Set the CPU Frequency Scaling governor to "ondemand"...
         Starting LSB: automatic crash report generation...
[[0;32m  OK  [0m] Started Virtualbox guest utils.
[[0;32m  OK  [0m] Started Permit User Sessions.
[[0;32m  OK  [0m] Started Login Service.
[[0;32m  OK  [0m] Started Authenticate and Authorize Users to Run Privileged Tasks.
[[0;32m  OK  [0m] Started Accounts Service.
         Starting Terminate Plymouth Boot Screen...
         Starting Hold until boot process finishes up...
[[0;32m  OK  [0m] Started LSB: daemon to balance interrupts for SMP systems.
[[0;32m  OK  [0m] Started LSB: Set the CPU Frequency Scaling governor to "ondemand".
[[0;32m  OK  [0m] Started LSB: automatic crash report generation.
[[0;32m  OK  [0m] Started Hold until boot process finishes up.
[[0;32m  OK  [0m] Started Terminate Plymouth Boot Screen.
         Starting Set console scheme...
[[0;32m  OK  [0m] Started Getty on tty1.
[[0;32m  OK  [0m] Started Serial Getty on ttyS0.
[[0;32m  OK  [0m] Reached target Login Prompts.
[[0;32m  OK  [0m] Started Set console scheme.
[[0;32m  OK  [0m] Started Pollinate to seed the pseudo random number generator.
[   20.762209] cloud-init[1104]: Generating locales (this might take a while)...
         Starting OpenBSD Secure Shell server...
[[0;32m  OK  [0m] Started OpenBSD Secure Shell server.
[[0;32m  OK  [0m] Created slice User Slice of vagrant.
         Starting User Manager for UID 1000...
[[0;32m  OK  [0m] Started User Manager for UID 1000.
[[0;32m  OK  [0m] Started Session 1 of user vagrant.
[   21.421430] cloud-init[1104]:   en_US.UTF-8... done
[   21.427424] cloud-init[1104]: Generation complete.
[   21.657316] cloud-init[1104]: Cloud-init v. 18.2 running 'modules:config' at Mon, 06 Aug 2018 04:35:01 +0000. Up 20.63 seconds.
[[0;32m  OK  [0m] Started Apply the settings specified in cloud-config.
         Stopping User Manager for UID 1000...
[[0;32m  OK  [0m] Stopped User Manager for UID 1000.
[[0;32m  OK  [0m] Removed slice User Slice of vagrant.
[[0;32m  OK  [0m] Created slice User Slice of vagrant.
         Starting User Manager for UID 1000...
[[0;32m  OK  [0m] Started User Manager for UID 1000.
[[0;32m  OK  [0m] Started Session 2 of user vagrant.
[[0;32m  OK  [0m] Started Wait until snapd is fully seeded.
[[0;32m  OK  [0m] Reached target Multi-User System.
[[0;32m  OK  [0m] Reached target Graphical Interface.
         Starting Update UTMP about System Runlevel Changes...
         Starting Execute cloud user/final scripts...
[[0;32m  OK  [0m] Started Update UTMP about System Runlevel Changes.
ci-info: no authorized ssh keys fingerprints found for user ubuntu.
<14>Aug  6 04:35:04 ec2: 
<14>Aug  6 04:35:04 ec2: #############################################################
<14>Aug  6 04:35:04 ec2: -----BEGIN SSH HOST KEY FINGERPRINTS-----
<14>Aug  6 04:35:04 ec2: 1024 SHA256:KEZoOovVADla+pC8Hp2Tqzf7bSUo3xf7Fwe7cqJq4oY root@ubuntu-xenial (DSA)
<14>Aug  6 04:35:04 ec2: 256 SHA256:NbvPMwErTo/DUo9acr/SX9x0QT1yADcvdqQQWHiafew root@ubuntu-xenial (ECDSA)
<14>Aug  6 04:35:04 ec2: 256 SHA256:hFCFsAu1laRumjT/1i+u5/nv+NwqrZ0J7QU+TCPii28 root@ubuntu-xenial (ED25519)
<14>Aug  6 04:35:04 ec2: 2048 SHA256:zT4kB7IdQieJu12FBygTvPcVDkfjXxCPs8SvLRc5vxY root@ubuntu-xenial (RSA)
<14>Aug  6 04:35:04 ec2: -----END SSH HOST KEY FINGERPRINTS-----
<14>Aug  6 04:35:04 ec2: #############################################################
-----BEGIN SSH HOST KEY KEYS-----
ecdsa-sha2-nistp256 AAAAE2VjZHNhLXNoYTItbmlzdHAyNTYAAAAIbmlzdHAyNTYAAABBBPGAkF1HZZkvb8gKpbZxhe1aADCa/f2ma7tucpFzG9IW7sklquvJLJO/WuWdrM939o79I7pf/xt0gNY5o9Ipf9Q= root@ubuntu-xenial
ssh-ed25519 AAAAC3NzaC1lZDI1NTE5AAAAIKOuiHPCbLgBfkijvkXMdYnZpiikwO6p/Ox59S/DZlnE root@ubuntu-xenial
ssh-rsa AAAAB3NzaC1yc2EAAAADAQABAAABAQDFuXXSOspDJQ1bHyadIR2Z2H3Ab03hWv6+JfevfHGDUbtB+VUEQAtHQT2v2uW/+t9jf0XxAu9dlqP9bvAK/Xze7Rsm88D5yp1ozGeC5nQ/jtg0rZoS/oLqWmskI1zDhgRW+C6N6WY/a1wPBI5AvW8WKr7ZtrEtUEuWQVrg09/h9AfxMsiGutYhus9P14kKVnmlpppNDy6DiCy6s21y6kQuXB5HJvRWEa/svolYCQ4kTPDm7Az2G9z+Ug/BMW1g1LIQYEYknEnK8p1IZ+Sn0Ou0Jdjxnsy+o4xn2BK2IMWR4CtaKW1hYLsw4cwZWaYsHhr1W21Cclwl4Ks2FCskwrSX root@ubuntu-xenial
-----END SSH HOST KEY KEYS-----
[   23.418757] cloud-init[1539]: Cloud-init v. 18.2 running 'modules:final' at Mon, 06 Aug 2018 04:35:04 +0000. Up 23.26 seconds.
[   23.460694] cloud-init[1539]: ci-info: no authorized ssh keys fingerprints found for user ubuntu.
[[0;32m  OK  [0m] Started Execute cloud user/final scripts.
[[0;32m  OK  [0m] Reached target Cloud-init target.
[   23.473707] cloud-init[1539]: Cloud-init v. 18.2 finished at Mon, 06 Aug 2018 04:35:04 +0000. Datasource DataSourceNoCloud [seed=/dev/sdb][dsmode=net].  Up 23.41 seconds

Ubuntu 16.04.5 LTS ubuntu-xenial ttyS0

ubuntu-xenial login: [[0;32m  OK  [0m] Closed Load/Save RF Kill Switch Status /dev/rfkill Watch.
         Stopping Authenticate and Authorize Users to Run Privileged Tasks...
[[0;32m  OK  [0m] Stopped target Timers.
[[0;32m  OK  [0m] Stopped Daily apt upgrade and clean activ[         Stopping Serial Getty on ttyS0...
         Stopping OpenBSD Secure Shell server...
         Stopping FUSE filesystem for LXC...
         Stopping LSB: Set the CPU Frequency Scaling governor to "ondemand"...
         Stopping System Logging Service...
         Stopping LSB: daemon to balance interrupts for SMP systems...
         Stopping D-Bus System Message Bus...
         Stopping Unattended Upgrades Shutdown...
         Stopping LXD - container startup/shutdown...
         Stopping Virtualbox guest utils...
         Stopping LSB: Record successful boot for GRUB...
[[0;32m  OK  [0m] Stopped Wait until snapd is fully seeded.
         Stopping Snappy daemon...
[[0;32m  OK  [0m] Stopped Apply the settings specified in cloud-config.
[[0;32m  OK  [0m] Stopped target Cloud-config availability.
         Stopping ACPI event daemon...
[[0;32m  OK  [0m] Unmounted /var/lib/lxcfs.
[[0;32m  OK  [0m] Stopped Accounts Service.
[[0;32m  OK  [0m] Stopped Regular background program processing daemon.
[[0;32m  OK  [0m] Stopped Snappy daemon.
[[0;32m  OK  [0m] Stopped Deferred execution scheduler.
[[0;32m  OK  [0m] Stopped ACPI event daemon.
[[0;32m  OK  [0m] Stopped System Logging Service.
[[0;32m  OK  [0m] Stopped Authenticate and Authorize Users to Run Privileged Tasks.
[[0;32m  OK  [0m] Stopped Getty on tty1.
[[0;32m  OK  [0m] Stopped Serial Getty on ttyS0.
[[0;32m  OK  [0m] Stopped OpenBSD Secure Shell server.
[[0;32m  OK  [0m] Stopped User Manager for UID 1000.
[[0;32m  OK  [0m] Stopped Session 4 of user vagrant.
[[0;32m  OK  [0m] Stopped D-Bus System Message Bus.
[[0;32m  OK  [0m] Stopped Unattended Upgrades Shutdown.
[[0;32m  OK  [0m] Stopped FUSE filesystem for LXC.
[[0;32m  OK  [0m] Stopped LSB: automatic crash report generation.
[[0;32m  OK  [0m] Stopped LSB: MD monitoring daemon.
[[0;32m  OK  [0m] Stopped LSB: Set the CPU Frequency Scaling governor to "ondemand".
[[0;32m  OK  [0m] Stopped LSB: daemon to balance interrupts for SMP systems.
[[0;32m  OK  [0m] Stopped LXD - container startup/shutdown.
[[0;32m  OK  [0m] Stopped Virtualbox guest utils.
[[0;32m  OK  [0m] Stopped LSB: Record successful boot for GRUB.
[[0;32m  OK  [0m] Removed slice User Slice of vagrant.
         Stopping Login Service...
[[0;32m  OK  [0m] Removed slice system-serial\x2dgetty.slice.
         Stopping Permit User Sessions...
[[0;32m  OK  [0m] Stopped /etc/rc.local Compatibility.
[[0;32m  OK  [0m] Removed slice system-getty.slice.
[[0;32m  OK  [0m] Stopped Login Service.
[[0;32m  OK  [0m] Stopped Permit User Sessions.
[[0;32m  OK  [0m] Stopped target Remote File Systems.
[[0;32m  OK  [0m] Stopped target Remote File Systems (Pre).
         Stopping Login to default iSCSI targets...
[[0;32m  OK  [0m] Stopped target Basic System.
[[0;32m  OK  [0m] Stopped target Sockets.
[[0;32m  OK  [0m] Closed Socket activation for snappy daemon.
[[0;32m  OK  [0m] Closed UUID daemon activation socket.
[[0;32m  OK  [0m] Closed ACPID Listen Socket.
[[0;32m  OK  [0m] Closed LXD - unix socket.
[[0;32m  OK  [0m] Closed Syslog Socket.
[[0;32m  OK  [0m] Stopped target Slices.
[[0;32m  OK  [0m] Stopped target Paths.
[[0;32m  OK  [0m] Stopped ACPI Events Check.
[[0;32m  OK  [0m] Stopped Forward Password Requests to Wall Directory Watch.
[[0;32m  OK  [0m] Stopped Dispatch Password Requests to Console Directory Watch.
[[0;32m  OK  [0m] Stopped target User and Group Name Lookups.
[[0;32m  OK  [0m] Removed slice User and Session Slice.
[[0;32m  OK  [0m] Closed D-Bus System Message Bus Socket.
[[0;32m  OK  [0m] Stopped target System Initialization.
         Stopping Load/Save Random Seed...
[[0;32m  OK  [0m] Stopped target Swap.
[[0;32m  OK  [0m] Stopped Commit a transient machine-id on disk.
[[0;32m  OK  [0m] Stopped target Encrypted Volumes.
         Stopping Update UTMP about System Boot/Shutdown...
[[0;32m  OK  [0m] Stopped Load/Save Random Seed.
[[0;32m  OK  [0m] Stopped Update UTMP about System Boot/Shutdown.
[[0;32m  OK  [0m] Stopped Login to default iSCSI targets.
         Stopping iSCSI initiator daemon (iscsid)...
[[0;32m  OK  [0m] Stopped Create Volatile Files and Directories.
[[0;32m  OK  [0m] Stopped iSCSI initiator daemon (iscsid).
[[0;32m  OK  [0m] Stopped target Network is Online.
[[0;32m  OK  [0m] Stopped Initial cloud-init job (metadata service crawler).
[[0;32m  OK  [0m] Stopped target Network.
         Stopping Raise network interfaces...
[[0;32m  OK  [0m] Stopped Raise network interfaces.
[[0;32m  OK  [0m] Stopped target Local File Systems.
         Unmounting /vagrant...
         Unmounting /run/user/1000...
[[0;32m  OK  [0m] Stopped target Network (Pre).
[[0;32m  OK  [0m] Stopped Initial cloud-init job (pre-networking).
[[0;32m  OK  [0m] Stopped Apply Kernel Variables.
[[0;32m  OK  [0m] Stopped Load Kernel Modules.
[[0;32m  OK  [0m] Unmounted /vagrant.
[[0;32m  OK  [0m] Unmounted /run/user/1000.
[[0;32m  OK  [0m] Reached target Unmount All Filesystems.
[[0;32m  OK  [0m] Stopped target Local File Systems (Pre).
         Stopping Monitoring of LVM2 mirrors... dmeventd or progress polling...
[[0;32m  OK  [0m] Stopped Create Static Device Nodes in /dev.
[[0;32m  OK  [0m] Stopped Remount Root and Kernel File Systems.
[[0;32m  OK  [0m] Reached target Shutdown.
[  264.630955] reboot: Power down
