  [1m[35m (0.4ms)[0m  [1m[34mSELECT sqlite_version(*)[0m
  [1m[35m (1.3ms)[0m  [1m[35mCREATE TABLE "schema_migrations" ("version" varchar NOT NULL PRIMARY KEY)[0m
  [1m[35m (1.3ms)[0m  [1m[35mCREATE TABLE "ar_internal_metadata" ("key" varchar NOT NULL PRIMARY KEY, "value" varchar, "created_at" datetime NOT NULL, "updated_at" datetime NOT NULL)[0m
  [1m[35m (0.1ms)[0m  [1m[34mSELECT "schema_migrations"."version" FROM "schema_migrations" ORDER BY "schema_migrations"."version" ASC[0m
Migrating to CreateProducts (20180516134553)
  [1m[35m (0.1ms)[0m  [1m[36mbegin transaction[0m
  [1m[35m (0.5ms)[0m  [1m[35mCREATE TABLE "products" ("id" INTEGER PRIMARY KEY AUTOINCREMENT NOT NULL, "title" varchar, "description" text, "image_url" varchar, "price" decimal(8,2), "created_at" datetime NOT NULL, "updated_at" datetime NOT NULL)[0m
  [1m[35mSQL (0.2ms)[0m  [1m[32mINSERT INTO "schema_migrations" ("version") VALUES (?)[0m  [["version", "20180516134553"]]
  [1m[35m (1.1ms)[0m  [1m[36mcommit transaction[0m
  [1m[36mActiveRecord::InternalMetadata Load (0.1ms)[0m  [1m[34mSELECT  "ar_internal_metadata".* FROM "ar_internal_metadata" WHERE "ar_internal_metadata"."key" = ? LIMIT ?[0m  [["key", "environment"], ["LIMIT", 1]]
  [1m[35m (0.0ms)[0m  [1m[36mbegin transaction[0m
  [1m[35mSQL (1.0ms)[0m  [1m[32mINSERT INTO "ar_internal_metadata" ("key", "value", "created_at", "updated_at") VALUES (?, ?, ?, ?)[0m  [["key", "environment"], ["value", "development"], ["created_at", "2018-05-16 13:49:02.468061"], ["updated_at", "2018-05-16 13:49:02.468061"]]
  [1m[35m (1.8ms)[0m  [1m[36mcommit transaction[0m
  [1m[35m (0.2ms)[0m  [1m[34mSELECT "schema_migrations"."version" FROM "schema_migrations" ORDER BY "schema_migrations"."version" ASC[0m
Started GET "/" for 127.0.0.1 at 2018-05-16 19:22:57 +0530
  [1m[35m (0.2ms)[0m  [1m[34mSELECT "schema_migrations"."version" FROM "schema_migrations" ORDER BY "schema_migrations"."version" ASC[0m
Processing by Rails::WelcomeController#index as HTML
  Rendering /usr/local/lib/ruby/gems/2.5.0/gems/railties-5.1.6/lib/rails/templates/rails/welcome/index.html.erb
  Rendered /usr/local/lib/ruby/gems/2.5.0/gems/railties-5.1.6/lib/rails/templates/rails/welcome/index.html.erb (4.0ms)
Completed 200 OK in 26ms (Views: 12.9ms | ActiveRecord: 0.0ms)


Started GET "/" for 127.0.0.1 at 2018-05-16 19:23:00 +0530
Processing by Rails::WelcomeController#index as HTML
  Rendering /usr/local/lib/ruby/gems/2.5.0/gems/railties-5.1.6/lib/rails/templates/rails/welcome/index.html.erb
  Rendered /usr/local/lib/ruby/gems/2.5.0/gems/railties-5.1.6/lib/rails/templates/rails/welcome/index.html.erb (4.2ms)
Completed 200 OK in 12ms (Views: 7.8ms | ActiveRecord: 0.0ms)


Started GET "/depot" for 127.0.0.1 at 2018-05-16 19:23:01 +0530
  
ActionController::RoutingError (No route matches [GET] "/depot"):
  
actionpack (5.1.6) lib/action_dispatch/middleware/debug_exceptions.rb:63:in `call'
web-console (3.6.2) lib/web_console/middleware.rb:135:in `call_app'
web-console (3.6.2) lib/web_console/middleware.rb:30:in `block in call'
web-console (3.6.2) lib/web_console/middleware.rb:20:in `catch'
web-console (3.6.2) lib/web_console/middleware.rb:20:in `call'
actionpack (5.1.6) lib/action_dispatch/middleware/show_exceptions.rb:31:in `call'
railties (5.1.6) lib/rails/rack/logger.rb:36:in `call_app'
railties (5.1.6) lib/rails/rack/logger.rb:24:in `block in call'
activesupport (5.1.6) lib/active_support/tagged_logging.rb:69:in `block in tagged'
activesupport (5.1.6) lib/active_support/tagged_logging.rb:26:in `tagged'
activesupport (5.1.6) lib/active_support/tagged_logging.rb:69:in `tagged'
railties (5.1.6) lib/rails/rack/logger.rb:24:in `call'
sprockets-rails (3.2.1) lib/sprockets/rails/quiet_assets.rb:13:in `call'
actionpack (5.1.6) lib/action_dispatch/middleware/remote_ip.rb:79:in `call'
actionpack (5.1.6) lib/action_dispatch/middleware/request_id.rb:25:in `call'
rack (2.0.5) lib/rack/method_override.rb:22:in `call'
rack (2.0.5) lib/rack/runtime.rb:22:in `call'
activesupport (5.1.6) lib/active_support/cache/strategy/local_cache_middleware.rb:27:in `call'
actionpack (5.1.6) lib/action_dispatch/middleware/executor.rb:12:in `call'
actionpack (5.1.6) lib/action_dispatch/middleware/static.rb:125:in `call'
rack (2.0.5) lib/rack/sendfile.rb:111:in `call'
railties (5.1.6) lib/rails/engine.rb:522:in `call'
puma (3.11.4) lib/puma/configuration.rb:225:in `call'
puma (3.11.4) lib/puma/server.rb:632:in `handle_request'
puma (3.11.4) lib/puma/server.rb:446:in `process_client'
puma (3.11.4) lib/puma/server.rb:306:in `block in run'
puma (3.11.4) lib/puma/thread_pool.rb:120:in `block in spawn_thread'
Started GET "/depot" for 127.0.0.1 at 2018-05-16 19:23:10 +0530
  
ActionController::RoutingError (No route matches [GET] "/depot"):
  
actionpack (5.1.6) lib/action_dispatch/middleware/debug_exceptions.rb:63:in `call'
web-console (3.6.2) lib/web_console/middleware.rb:135:in `call_app'
web-console (3.6.2) lib/web_console/middleware.rb:30:in `block in call'
web-console (3.6.2) lib/web_console/middleware.rb:20:in `catch'
web-console (3.6.2) lib/web_console/middleware.rb:20:in `call'
actionpack (5.1.6) lib/action_dispatch/middleware/show_exceptions.rb:31:in `call'
railties (5.1.6) lib/rails/rack/logger.rb:36:in `call_app'
railties (5.1.6) lib/rails/rack/logger.rb:24:in `block in call'
activesupport (5.1.6) lib/active_support/tagged_logging.rb:69:in `block in tagged'
activesupport (5.1.6) lib/active_support/tagged_logging.rb:26:in `tagged'
activesupport (5.1.6) lib/active_support/tagged_logging.rb:69:in `tagged'
railties (5.1.6) lib/rails/rack/logger.rb:24:in `call'
sprockets-rails (3.2.1) lib/sprockets/rails/quiet_assets.rb:13:in `call'
actionpack (5.1.6) lib/action_dispatch/middleware/remote_ip.rb:79:in `call'
actionpack (5.1.6) lib/action_dispatch/middleware/request_id.rb:25:in `call'
rack (2.0.5) lib/rack/method_override.rb:22:in `call'
rack (2.0.5) lib/rack/runtime.rb:22:in `call'
activesupport (5.1.6) lib/active_support/cache/strategy/local_cache_middleware.rb:27:in `call'
actionpack (5.1.6) lib/action_dispatch/middleware/executor.rb:12:in `call'
actionpack (5.1.6) lib/action_dispatch/middleware/static.rb:125:in `call'
rack (2.0.5) lib/rack/sendfile.rb:111:in `call'
railties (5.1.6) lib/rails/engine.rb:522:in `call'
puma (3.11.4) lib/puma/configuration.rb:225:in `call'
puma (3.11.4) lib/puma/server.rb:632:in `handle_request'
puma (3.11.4) lib/puma/server.rb:446:in `process_client'
puma (3.11.4) lib/puma/server.rb:306:in `block in run'
puma (3.11.4) lib/puma/thread_pool.rb:120:in `block in spawn_thread'
Started GET "/" for 127.0.0.1 at 2018-05-16 19:23:11 +0530
Processing by Rails::WelcomeController#index as HTML
  Rendering /usr/local/lib/ruby/gems/2.5.0/gems/railties-5.1.6/lib/rails/templates/rails/welcome/index.html.erb
  Rendered /usr/local/lib/ruby/gems/2.5.0/gems/railties-5.1.6/lib/rails/templates/rails/welcome/index.html.erb (2.4ms)
Completed 200 OK in 10ms (Views: 6.1ms | ActiveRecord: 0.0ms)


Started GET "/products_path" for 127.0.0.1 at 2018-05-16 19:23:17 +0530
  
ActionController::RoutingError (No route matches [GET] "/products_path"):
  
actionpack (5.1.6) lib/action_dispatch/middleware/debug_exceptions.rb:63:in `call'
web-console (3.6.2) lib/web_console/middleware.rb:135:in `call_app'
web-console (3.6.2) lib/web_console/middleware.rb:30:in `block in call'
web-console (3.6.2) lib/web_console/middleware.rb:20:in `catch'
web-console (3.6.2) lib/web_console/middleware.rb:20:in `call'
actionpack (5.1.6) lib/action_dispatch/middleware/show_exceptions.rb:31:in `call'
railties (5.1.6) lib/rails/rack/logger.rb:36:in `call_app'
railties (5.1.6) lib/rails/rack/logger.rb:24:in `block in call'
activesupport (5.1.6) lib/active_support/tagged_logging.rb:69:in `block in tagged'
activesupport (5.1.6) lib/active_support/tagged_logging.rb:26:in `tagged'
activesupport (5.1.6) lib/active_support/tagged_logging.rb:69:in `tagged'
railties (5.1.6) lib/rails/rack/logger.rb:24:in `call'
sprockets-rails (3.2.1) lib/sprockets/rails/quiet_assets.rb:13:in `call'
actionpack (5.1.6) lib/action_dispatch/middleware/remote_ip.rb:79:in `call'
actionpack (5.1.6) lib/action_dispatch/middleware/request_id.rb:25:in `call'
rack (2.0.5) lib/rack/method_override.rb:22:in `call'
rack (2.0.5) lib/rack/runtime.rb:22:in `call'
activesupport (5.1.6) lib/active_support/cache/strategy/local_cache_middleware.rb:27:in `call'
actionpack (5.1.6) lib/action_dispatch/middleware/executor.rb:12:in `call'
actionpack (5.1.6) lib/action_dispatch/middleware/static.rb:125:in `call'
rack (2.0.5) lib/rack/sendfile.rb:111:in `call'
railties (5.1.6) lib/rails/engine.rb:522:in `call'
puma (3.11.4) lib/puma/configuration.rb:225:in `call'
puma (3.11.4) lib/puma/server.rb:632:in `handle_request'
puma (3.11.4) lib/puma/server.rb:446:in `process_client'
puma (3.11.4) lib/puma/server.rb:306:in `block in run'
puma (3.11.4) lib/puma/thread_pool.rb:120:in `block in spawn_thread'
Started GET "/products_path" for 127.0.0.1 at 2018-05-16 19:23:38 +0530
  
ActionController::RoutingError (No route matches [GET] "/products_path"):
  
actionpack (5.1.6) lib/action_dispatch/middleware/debug_exceptions.rb:63:in `call'
web-console (3.6.2) lib/web_console/middleware.rb:135:in `call_app'
web-console (3.6.2) lib/web_console/middleware.rb:30:in `block in call'
web-console (3.6.2) lib/web_console/middleware.rb:20:in `catch'
web-console (3.6.2) lib/web_console/middleware.rb:20:in `call'
actionpack (5.1.6) lib/action_dispatch/middleware/show_exceptions.rb:31:in `call'
railties (5.1.6) lib/rails/rack/logger.rb:36:in `call_app'
railties (5.1.6) lib/rails/rack/logger.rb:24:in `block in call'
activesupport (5.1.6) lib/active_support/tagged_logging.rb:69:in `block in tagged'
activesupport (5.1.6) lib/active_support/tagged_logging.rb:26:in `tagged'
activesupport (5.1.6) lib/active_support/tagged_logging.rb:69:in `tagged'
railties (5.1.6) lib/rails/rack/logger.rb:24:in `call'
sprockets-rails (3.2.1) lib/sprockets/rails/quiet_assets.rb:13:in `call'
actionpack (5.1.6) lib/action_dispatch/middleware/remote_ip.rb:79:in `call'
actionpack (5.1.6) lib/action_dispatch/middleware/request_id.rb:25:in `call'
rack (2.0.5) lib/rack/method_override.rb:22:in `call'
rack (2.0.5) lib/rack/runtime.rb:22:in `call'
activesupport (5.1.6) lib/active_support/cache/strategy/local_cache_middleware.rb:27:in `call'
actionpack (5.1.6) lib/action_dispatch/middleware/executor.rb:12:in `call'
actionpack (5.1.6) lib/action_dispatch/middleware/static.rb:125:in `call'
rack (2.0.5) lib/rack/sendfile.rb:111:in `call'
railties (5.1.6) lib/rails/engine.rb:522:in `call'
puma (3.11.4) lib/puma/configuration.rb:225:in `call'
puma (3.11.4) lib/puma/server.rb:632:in `handle_request'
puma (3.11.4) lib/puma/server.rb:446:in `process_client'
puma (3.11.4) lib/puma/server.rb:306:in `block in run'
puma (3.11.4) lib/puma/thread_pool.rb:120:in `block in spawn_thread'
Started GET "/products" for 127.0.0.1 at 2018-05-16 19:23:38 +0530
Processing by ProductsController#index as HTML
  Rendering products/index.html.erb within layouts/application
  [1m[36mProduct Load (0.2ms)[0m  [1m[34mSELECT "products".* FROM "products"[0m
  Rendered products/index.html.erb within layouts/application (2.5ms)
Completed 200 OK in 790ms (Views: 783.7ms | ActiveRecord: 0.5ms)


Started GET "/products/new" for 127.0.0.1 at 2018-05-16 19:23:56 +0530
Processing by ProductsController#new as HTML
  Rendering products/new.html.erb within layouts/application
  Rendered products/_form.html.erb (20.5ms)
  Rendered products/new.html.erb within layouts/application (26.0ms)
Completed 200 OK in 60ms (Views: 45.9ms | ActiveRecord: 0.6ms)


Started GET "/products/new" for 127.0.0.1 at 2018-05-16 19:25:43 +0530
Processing by ProductsController#new as HTML
  Rendering products/new.html.erb within layouts/application
  Rendered products/_form.html.erb (2.4ms)
  Rendered products/new.html.erb within layouts/application (4.6ms)
Completed 200 OK in 32ms (Views: 29.4ms | ActiveRecord: 0.0ms)


Started POST "/products" for 127.0.0.1 at 2018-05-16 19:26:46 +0530
Processing by ProductsController#create as HTML
  Parameters: {"utf8"=>"✓", "authenticity_token"=>"TOrQZ1YwqRrcMCm+wzFqZu0hKvk9fbZRQAztRJaYey4scsFcOuR1MrRk21vL8GkRfsJQtxfs3YwJkhXFrdaxXw==", "product"=>{"title"=>"Seven Mobile Apps", "description"=>"This is a dummy product description for the first product to be added in the inventory", "image_url"=>"7apps.jpg", "price"=>"29.00"}, "commit"=>"Create Product"}
  [1m[35m (0.1ms)[0m  [1m[36mbegin transaction[0m
  [1m[35mSQL (0.7ms)[0m  [1m[32mINSERT INTO "products" ("title", "description", "image_url", "price", "created_at", "updated_at") VALUES (?, ?, ?, ?, ?, ?)[0m  [["title", "Seven Mobile Apps"], ["description", "This is a dummy product description for the first product to be added in the inventory"], ["image_url", "7apps.jpg"], ["price", 29.0], ["created_at", "2018-05-16 13:56:46.380279"], ["updated_at", "2018-05-16 13:56:46.380279"]]
  [1m[35m (1.2ms)[0m  [1m[36mcommit transaction[0m
Redirected to http://localhost:3000/products/1
Completed 302 Found in 7ms (ActiveRecord: 1.9ms)


Started GET "/products/1" for 127.0.0.1 at 2018-05-16 19:26:46 +0530
Processing by ProductsController#show as HTML
  Parameters: {"id"=>"1"}
  [1m[36mProduct Load (0.3ms)[0m  [1m[34mSELECT  "products".* FROM "products" WHERE "products"."id" = ? LIMIT ?[0m  [["id", 1], ["LIMIT", 1]]
  Rendering products/show.html.erb within layouts/application
  Rendered products/show.html.erb within layouts/application (0.9ms)
Completed 200 OK in 30ms (Views: 22.5ms | ActiveRecord: 0.3ms)


Started GET "/products" for 127.0.0.1 at 2018-05-16 19:27:05 +0530
Processing by ProductsController#index as HTML
  Rendering products/index.html.erb within layouts/application
  [1m[36mProduct Load (0.3ms)[0m  [1m[34mSELECT "products".* FROM "products"[0m
  Rendered products/index.html.erb within layouts/application (2.2ms)
Completed 200 OK in 30ms (Views: 27.2ms | ActiveRecord: 0.3ms)


  [1m[35m (0.1ms)[0m  [1m[34mSELECT "schema_migrations"."version" FROM "schema_migrations" ORDER BY "schema_migrations"."version" ASC[0m
  [1m[35mSQL (3.8ms)[0m  [1m[31mDELETE FROM "products"[0m
  [1m[35m (0.1ms)[0m  [1m[36mbegin transaction[0m
  [1m[35mSQL (0.5ms)[0m  [1m[32mINSERT INTO "products" ("title", "description", "image_url", "price", "created_at", "updated_at") VALUES (?, ?, ?, ?, ?, ?)[0m  [["title", "Rails, Angular, Postgres, and Bootstrap"], ["description", "<p>\n      <em>Powerful, Effective, and Efficient Full-Stack Web Development</em>\n      As a Rails developer, you care about user experience and performance,\n      but you also want simple and maintainable code. Achieve all that by\n      embracing the full stack of web development, from styling with\n      Bootstrap, building an interactive user interface with AngularJS, to\n      storing data quickly and reliably in PostgreSQL. Take a holistic view of\n      full-stack development to create usable, high-performing applications,\n      and learn to use these technologies effectively in a Ruby on Rails\n      environment.\n      </p>"], ["image_url", "dcbang.jpg"], ["price", 45.0], ["created_at", "2018-05-16 14:04:54.841046"], ["updated_at", "2018-05-16 14:04:54.841046"]]
  [1m[35m (1.6ms)[0m  [1m[36mcommit transaction[0m
  [1m[35m (0.0ms)[0m  [1m[36mbegin transaction[0m
  [1m[35mSQL (0.3ms)[0m  [1m[32mINSERT INTO "products" ("title", "description", "image_url", "price", "created_at", "updated_at") VALUES (?, ?, ?, ?, ?, ?)[0m  [["title", "Seven Mobile Apps in Seven Weeks"], ["description", "<p>\n      <em>Native Apps, Multiple Platforms</em>\n      Answer the question “Can we build this for ALL the devices?” with a\n      resounding YES. This book will help you get there with a real-world\n      introduction to seven platforms, whether you’re new to mobile or an\n      experienced developer needing to expand your options. Plus, you’ll find\n      out which cross-platform solution makes the most sense for your needs.\n      </p>"], ["image_url", "7apps.jpg"], ["price", 26.0], ["created_at", "2018-05-16 14:04:54.844950"], ["updated_at", "2018-05-16 14:04:54.844950"]]
  [1m[35m (1.3ms)[0m  [1m[36mcommit transaction[0m
  [1m[35m (0.0ms)[0m  [1m[36mbegin transaction[0m
  [1m[35mSQL (0.3ms)[0m  [1m[32mINSERT INTO "products" ("title", "description", "image_url", "price", "created_at", "updated_at") VALUES (?, ?, ?, ?, ?, ?)[0m  [["title", "Ruby Performance Optimization"], ["description", "<p>\n      <em>Why Ruby Is Slow, and How to Fix It</em> \n      You don’t have to accept slow Ruby or Rails performance. In this\n      comprehensive guide to Ruby optimization, you’ll learn how to write\n      faster Ruby code—but that’s just the beginning. See exactly what makes\n      Ruby and Rails code slow, and how to fix it. Alex Dymo will guide you\n      through perils of memory and CPU optimization, profiling, measuring,\n      performance testing, garbage collection, and tuning. You’ll find that\n      all those “hard” things aren’t so difficult after all, and your code\n      will run orders of magnitude faster.\n      </p>"], ["image_url", "adrpo.jpg"], ["price", 46.0], ["created_at", "2018-05-16 14:04:54.847630"], ["updated_at", "2018-05-16 14:04:54.847630"]]
  [1m[35m (0.9ms)[0m  [1m[36mcommit transaction[0m
Started GET "/products" for 127.0.0.1 at 2018-05-16 19:35:03 +0530
Processing by ProductsController#index as HTML
  Rendering products/index.html.erb within layouts/application
  [1m[36mProduct Load (0.2ms)[0m  [1m[34mSELECT "products".* FROM "products"[0m
  Rendered products/index.html.erb within layouts/application (2.2ms)
Completed 200 OK in 58ms (Views: 55.1ms | ActiveRecord: 0.2ms)


Started GET "/products/2" for 127.0.0.1 at 2018-05-16 19:35:07 +0530
Processing by ProductsController#show as HTML
  Parameters: {"id"=>"2"}
  [1m[36mProduct Load (0.2ms)[0m  [1m[34mSELECT  "products".* FROM "products" WHERE "products"."id" = ? LIMIT ?[0m  [["id", 2], ["LIMIT", 1]]
  Rendering products/show.html.erb within layouts/application
  Rendered products/show.html.erb within layouts/application (1.0ms)
Completed 200 OK in 28ms (Views: 25.2ms | ActiveRecord: 0.2ms)


Started GET "/products" for 127.0.0.1 at 2018-05-16 19:35:09 +0530
Processing by ProductsController#index as HTML
  Rendering products/index.html.erb within layouts/application
  [1m[36mProduct Load (0.3ms)[0m  [1m[34mSELECT "products".* FROM "products"[0m
  Rendered products/index.html.erb within layouts/application (2.9ms)
Completed 200 OK in 34ms (Views: 30.0ms | ActiveRecord: 0.3ms)


Started GET "/products" for 127.0.0.1 at 2018-05-16 19:40:10 +0530
Processing by ProductsController#index as HTML
  Rendering products/index.html.erb within layouts/application
  [1m[36mProduct Load (0.5ms)[0m  [1m[34mSELECT "products".* FROM "products"[0m
  Rendered products/index.html.erb within layouts/application (4.4ms)
Completed 200 OK in 62ms (Views: 59.5ms | ActiveRecord: 0.5ms)


Started GET "/products" for 127.0.0.1 at 2018-05-16 19:43:31 +0530
Processing by ProductsController#index as HTML
  Rendering products/index.html.erb within layouts/application
  [1m[36mProduct Load (0.2ms)[0m  [1m[34mSELECT "products".* FROM "products"[0m
  Rendered products/index.html.erb within layouts/application (2.8ms)
Completed 200 OK in 36ms (Views: 33.0ms | ActiveRecord: 0.2ms)


Started GET "/products" for 127.0.0.1 at 2018-05-16 19:43:33 +0530
Processing by ProductsController#index as HTML
  Rendering products/index.html.erb within layouts/application
  [1m[36mProduct Load (0.5ms)[0m  [1m[34mSELECT "products".* FROM "products"[0m
  Rendered products/index.html.erb within layouts/application (2.8ms)
Completed 200 OK in 30ms (Views: 26.2ms | ActiveRecord: 0.5ms)


Started GET "/products/2" for 127.0.0.1 at 2018-05-16 19:43:36 +0530
Processing by ProductsController#show as HTML
  Parameters: {"id"=>"2"}
  [1m[36mProduct Load (0.2ms)[0m  [1m[34mSELECT  "products".* FROM "products" WHERE "products"."id" = ? LIMIT ?[0m  [["id", 2], ["LIMIT", 1]]
  Rendering products/show.html.erb within layouts/application
  Rendered products/show.html.erb within layouts/application (1.1ms)
Completed 200 OK in 44ms (Views: 39.9ms | ActiveRecord: 0.2ms)


Started GET "/products/2" for 127.0.0.1 at 2018-05-16 19:43:37 +0530
Processing by ProductsController#show as HTML
  Parameters: {"id"=>"2"}
  [1m[36mProduct Load (0.1ms)[0m  [1m[34mSELECT  "products".* FROM "products" WHERE "products"."id" = ? LIMIT ?[0m  [["id", 2], ["LIMIT", 1]]
  Rendering products/show.html.erb within layouts/application
  Rendered products/show.html.erb within layouts/application (0.7ms)
Completed 200 OK in 27ms (Views: 24.1ms | ActiveRecord: 0.1ms)


Started GET "/products" for 127.0.0.1 at 2018-05-16 19:43:40 +0530
Processing by ProductsController#index as HTML
  Rendering products/index.html.erb within layouts/application
  [1m[36mProduct Load (0.3ms)[0m  [1m[34mSELECT "products".* FROM "products"[0m
  Rendered products/index.html.erb within layouts/application (2.6ms)
Completed 200 OK in 26ms (Views: 23.3ms | ActiveRecord: 0.3ms)


Started GET "/products" for 127.0.0.1 at 2018-05-16 19:51:11 +0530
Processing by ProductsController#index as HTML
  Rendering products/index.html.erb within layouts/application
  Rendered products/index.html.erb within layouts/application (1.3ms)
Completed 500 Internal Server Error in 9ms (ActiveRecord: 0.0ms)


  
SyntaxError (/Users/anika/depot/app/views/products/index.html.erb:12: syntax error, unexpected tIDENTIFIER, expecting ')'
...​ link_to ​'New product'​, new_product_path ​);@outp...
...                            ^~~
/Users/anika/depot/app/views/products/index.html.erb:12: syntax error, unexpected tIDENTIFIER, expecting keyword_do or '{' or '('
...oduct'​, new_product_path ​);@output_buffer.safe_append=...
...                            ^~~
/Users/anika/depot/app/views/products/index.html.erb:18: syntax error, unexpected tIDENTIFIER, expecting ')'
...​ cycle(​'list_line_odd'​, ​'list_line_even'​) ​...
...                            ^~~
/Users/anika/depot/app/views/products/index.html.erb:18: syntax error, unexpected tSTRING_BEG, expecting keyword_do or '{' or '('
...cle(​'list_line_odd'​, ​'list_line_even'​) ​);@out...
...                              ^
/Users/anika/depot/app/views/products/index.html.erb:18: syntax error, unexpected tIDENTIFIER, expecting ')'
...odd'​, ​'list_line_even'​) ​);@output_buffer.safe_ap...
...                            ^~~
/Users/anika/depot/app/views/products/index.html.erb:20: syntax error, unexpected tSTRING_BEG, expecting keyword_do or '{' or '('
...ct.image_url, ​class: ​​'list_image'​) ​);@output_...
...                              ^
/Users/anika/depot/app/views/products/index.html.erb:20: syntax error, unexpected tIDENTIFIER, expecting ')'
...​class: ​​'list_image'​) ​);@output_buffer.safe_ap...
...                            ^~~
/Users/anika/depot/app/views/products/index.html.erb:27: syntax error, unexpected tLABEL, expecting keyword_do or '{' or '('
...                     ​length: ​80) ​);@output_buffer.s...
...                     ^~~~~~~~~~
/Users/anika/depot/app/views/products/index.html.erb:33: syntax error, unexpected tIDENTIFIER, expecting ')'
...ppend=(​ link_to ​'Show'​, product ​);@output_buffer...
...                            ^~~
/Users/anika/depot/app/views/products/index.html.erb:33: syntax error, unexpected tIDENTIFIER, expecting keyword_do or '{' or '('
...nk_to ​'Show'​, product ​);@output_buffer.safe_append=...
...                            ^~~
/Users/anika/depot/app/views/products/index.html.erb:34: syntax error, unexpected tIDENTIFIER, expecting ')'
...ppend=(​ link_to ​'Edit'​, edit_product_path(product) ...
...                            ^~~
/Users/anika/depot/app/views/products/index.html.erb:34: syntax error, unexpected tIDENTIFIER, expecting &. or :: or '[' or '.'
... edit_product_path(product) ​);@output_buffer.safe_append=...
...                            ^~~
/Users/anika/depot/app/views/products/index.html.erb:36: syntax error, unexpected tIDENTIFIER, expecting ')'
...nd=(​ link_to ​'Destroy'​, product, method: :delete​...
...                            ^~~
/Users/anika/depot/app/views/products/index.html.erb:36: syntax error, unexpected tLABEL, expecting '='
...​'Destroy'​, product, method: :delete​, ​data: ​{ ...
...                          ^~~~~~~
/Users/anika/depot/app/views/products/index.html.erb:36: syntax error, unexpected ':', expecting '}'
...e​, ​data: ​{ ​confirm: ​​'Are you sure?'​ } ...
...                              ^
/Users/anika/depot/app/views/products/index.html.erb:36: syntax error, unexpected tIDENTIFIER, expecting ')'
...nfirm: ​​'Are you sure?'​ } ​);@output_buffer.safe_a...
...                            ^~~):
  
app/views/products/index.html.erb:12: syntax error, unexpected tIDENTIFIER, expecting ')'
app/views/products/index.html.erb:12: syntax error, unexpected tIDENTIFIER, expecting keyword_do or '{' or '('
app/views/products/index.html.erb:18: syntax error, unexpected tIDENTIFIER, expecting ')'
app/views/products/index.html.erb:18: syntax error, unexpected tSTRING_BEG, expecting keyword_do or '{' or '('
app/views/products/index.html.erb:18: syntax error, unexpected tIDENTIFIER, expecting ')'
app/views/products/index.html.erb:20: syntax error, unexpected tSTRING_BEG, expecting keyword_do or '{' or '('
app/views/products/index.html.erb:20: syntax error, unexpected tIDENTIFIER, expecting ')'
app/views/products/index.html.erb:27: syntax error, unexpected tLABEL, expecting keyword_do or '{' or '('
app/views/products/index.html.erb:33: syntax error, unexpected tIDENTIFIER, expecting ')'
app/views/products/index.html.erb:33: syntax error, unexpected tIDENTIFIER, expecting keyword_do or '{' or '('
app/views/products/index.html.erb:34: syntax error, unexpected tIDENTIFIER, expecting ')'
app/views/products/index.html.erb:34: syntax error, unexpected tIDENTIFIER, expecting &. or :: or '[' or '.'
app/views/products/index.html.erb:36: syntax error, unexpected tIDENTIFIER, expecting ')'
app/views/products/index.html.erb:36: syntax error, unexpected tLABEL, expecting '='
app/views/products/index.html.erb:36: syntax error, unexpected ':', expecting '}'
app/views/products/index.html.erb:36: syntax error, unexpected tIDENTIFIER, expecting ')'
Started GET "/products" for 127.0.0.1 at 2018-05-16 19:54:35 +0530
Processing by ProductsController#index as HTML
  Rendering products/index.html.erb within layouts/application
  Rendered products/index.html.erb within layouts/application (1.7ms)
Completed 500 Internal Server Error in 10ms (ActiveRecord: 0.0ms)


  
SyntaxError (/Users/anika/depot/app/views/products/index.html.erb:11: syntax error, unexpected tIDENTIFIER, expecting ')'
...​ link_to ​'New product'​, new_product_path ​);@outp...
...                            ^~~
/Users/anika/depot/app/views/products/index.html.erb:11: syntax error, unexpected tIDENTIFIER, expecting keyword_do or '{' or '('
...oduct'​, new_product_path ​);@output_buffer.safe_append=...
...                            ^~~
/Users/anika/depot/app/views/products/index.html.erb:17: syntax error, unexpected tIDENTIFIER, expecting ')'
...​ cycle(​'list_line_odd'​, ​'list_line_even'​) ​...
...                            ^~~
/Users/anika/depot/app/views/products/index.html.erb:17: syntax error, unexpected tSTRING_BEG, expecting keyword_do or '{' or '('
...cle(​'list_line_odd'​, ​'list_line_even'​) ​);@out...
...                              ^
/Users/anika/depot/app/views/products/index.html.erb:17: syntax error, unexpected tIDENTIFIER, expecting ')'
...odd'​, ​'list_line_even'​) ​);@output_buffer.safe_ap...
...                            ^~~
/Users/anika/depot/app/views/products/index.html.erb:19: syntax error, unexpected tSTRING_BEG, expecting keyword_do or '{' or '('
...ct.image_url, ​class: ​​'list_image'​) ​);@output_...
...                              ^
/Users/anika/depot/app/views/products/index.html.erb:19: syntax error, unexpected tIDENTIFIER, expecting ')'
...​class: ​​'list_image'​) ​);@output_buffer.safe_ap...
...                            ^~~
/Users/anika/depot/app/views/products/index.html.erb:26: syntax error, unexpected tLABEL, expecting keyword_do or '{' or '('
...                     ​length: ​80) ​);@output_buffer.s...
...                     ^~~~~~~~~~
/Users/anika/depot/app/views/products/index.html.erb:32: syntax error, unexpected tIDENTIFIER, expecting ')'
...ppend=(​ link_to ​'Show'​, product ​);@output_buffer...
...                            ^~~
/Users/anika/depot/app/views/products/index.html.erb:32: syntax error, unexpected tIDENTIFIER, expecting keyword_do or '{' or '('
...nk_to ​'Show'​, product ​);@output_buffer.safe_append=...
...                            ^~~
/Users/anika/depot/app/views/products/index.html.erb:33: syntax error, unexpected tIDENTIFIER, expecting ')'
...ppend=(​ link_to ​'Edit'​, edit_product_path(product) ...
...                            ^~~
/Users/anika/depot/app/views/products/index.html.erb:33: syntax error, unexpected tIDENTIFIER, expecting &. or :: or '[' or '.'
... edit_product_path(product) ​);@output_buffer.safe_append=...
...                            ^~~
/Users/anika/depot/app/views/products/index.html.erb:35: syntax error, unexpected tIDENTIFIER, expecting ')'
...nd=(​ link_to ​'Destroy'​,
...                            ^~~
/Users/anika/depot/app/views/products/index.html.erb:36: syntax error, unexpected tIDENTIFIER, expecting keyword_do or '{' or '('
...                        product,
...                        ^~~~~~~
/Users/anika/depot/app/views/products/index.html.erb:37: syntax error, unexpected tLABEL, expecting keyword_do or '{' or '('
...                     ​method: :delete​,
...                     ^~~~~~~~~~
/Users/anika/depot/app/views/products/index.html.erb:38: syntax error, unexpected ':', expecting '}'
...      ​data: ​{ ​confirm: ​​'Are you sure?'​ } ...
...                              ^
/Users/anika/depot/app/views/products/index.html.erb:38: syntax error, unexpected tIDENTIFIER, expecting ')'
...nfirm: ​​'Are you sure?'​ } ​);@output_buffer.safe_a...
...                            ^~~):
  
app/views/products/index.html.erb:11: syntax error, unexpected tIDENTIFIER, expecting ')'
app/views/products/index.html.erb:11: syntax error, unexpected tIDENTIFIER, expecting keyword_do or '{' or '('
app/views/products/index.html.erb:17: syntax error, unexpected tIDENTIFIER, expecting ')'
app/views/products/index.html.erb:17: syntax error, unexpected tSTRING_BEG, expecting keyword_do or '{' or '('
app/views/products/index.html.erb:17: syntax error, unexpected tIDENTIFIER, expecting ')'
app/views/products/index.html.erb:19: syntax error, unexpected tSTRING_BEG, expecting keyword_do or '{' or '('
app/views/products/index.html.erb:19: syntax error, unexpected tIDENTIFIER, expecting ')'
app/views/products/index.html.erb:26: syntax error, unexpected tLABEL, expecting keyword_do or '{' or '('
app/views/products/index.html.erb:32: syntax error, unexpected tIDENTIFIER, expecting ')'
app/views/products/index.html.erb:32: syntax error, unexpected tIDENTIFIER, expecting keyword_do or '{' or '('
app/views/products/index.html.erb:33: syntax error, unexpected tIDENTIFIER, expecting ')'
app/views/products/index.html.erb:33: syntax error, unexpected tIDENTIFIER, expecting &. or :: or '[' or '.'
app/views/products/index.html.erb:35: syntax error, unexpected tIDENTIFIER, expecting ')'
app/views/products/index.html.erb:36: syntax error, unexpected tIDENTIFIER, expecting keyword_do or '{' or '('
app/views/products/index.html.erb:37: syntax error, unexpected tLABEL, expecting keyword_do or '{' or '('
app/views/products/index.html.erb:38: syntax error, unexpected ':', expecting '}'
app/views/products/index.html.erb:38: syntax error, unexpected tIDENTIFIER, expecting ')'
Started GET "/products" for 127.0.0.1 at 2018-05-16 19:54:36 +0530
Processing by ProductsController#index as HTML
  Rendering products/index.html.erb within layouts/application
  Rendered products/index.html.erb within layouts/application (1.7ms)
Completed 500 Internal Server Error in 10ms (ActiveRecord: 0.0ms)


  
SyntaxError (/Users/anika/depot/app/views/products/index.html.erb:11: syntax error, unexpected tIDENTIFIER, expecting ')'
...​ link_to ​'New product'​, new_product_path ​);@outp...
...                            ^~~
/Users/anika/depot/app/views/products/index.html.erb:11: syntax error, unexpected tIDENTIFIER, expecting keyword_do or '{' or '('
...oduct'​, new_product_path ​);@output_buffer.safe_append=...
...                            ^~~
/Users/anika/depot/app/views/products/index.html.erb:17: syntax error, unexpected tIDENTIFIER, expecting ')'
...​ cycle(​'list_line_odd'​, ​'list_line_even'​) ​...
...                            ^~~
/Users/anika/depot/app/views/products/index.html.erb:17: syntax error, unexpected tSTRING_BEG, expecting keyword_do or '{' or '('
...cle(​'list_line_odd'​, ​'list_line_even'​) ​);@out...
...                              ^
/Users/anika/depot/app/views/products/index.html.erb:17: syntax error, unexpected tIDENTIFIER, expecting ')'
...odd'​, ​'list_line_even'​) ​);@output_buffer.safe_ap...
...                            ^~~
/Users/anika/depot/app/views/products/index.html.erb:19: syntax error, unexpected tSTRING_BEG, expecting keyword_do or '{' or '('
...ct.image_url, ​class: ​​'list_image'​) ​);@output_...
...                              ^
/Users/anika/depot/app/views/products/index.html.erb:19: syntax error, unexpected tIDENTIFIER, expecting ')'
...​class: ​​'list_image'​) ​);@output_buffer.safe_ap...
...                            ^~~
/Users/anika/depot/app/views/products/index.html.erb:26: syntax error, unexpected tLABEL, expecting keyword_do or '{' or '('
...                     ​length: ​80) ​);@output_buffer.s...
...                     ^~~~~~~~~~
/Users/anika/depot/app/views/products/index.html.erb:32: syntax error, unexpected tIDENTIFIER, expecting ')'
...ppend=(​ link_to ​'Show'​, product ​);@output_buffer...
...                            ^~~
/Users/anika/depot/app/views/products/index.html.erb:32: syntax error, unexpected tIDENTIFIER, expecting keyword_do or '{' or '('
...nk_to ​'Show'​, product ​);@output_buffer.safe_append=...
...                            ^~~
/Users/anika/depot/app/views/products/index.html.erb:33: syntax error, unexpected tIDENTIFIER, expecting ')'
...ppend=(​ link_to ​'Edit'​, edit_product_path(product) ...
...                            ^~~
/Users/anika/depot/app/views/products/index.html.erb:33: syntax error, unexpected tIDENTIFIER, expecting &. or :: or '[' or '.'
... edit_product_path(product) ​);@output_buffer.safe_append=...
...                            ^~~
/Users/anika/depot/app/views/products/index.html.erb:35: syntax error, unexpected tIDENTIFIER, expecting ')'
...nd=(​ link_to ​'Destroy'​,
...                            ^~~
/Users/anika/depot/app/views/products/index.html.erb:36: syntax error, unexpected tIDENTIFIER, expecting keyword_do or '{' or '('
...                        product,
...                        ^~~~~~~
/Users/anika/depot/app/views/products/index.html.erb:37: syntax error, unexpected tLABEL, expecting keyword_do or '{' or '('
...                     ​method: :delete​,
...                     ^~~~~~~~~~
/Users/anika/depot/app/views/products/index.html.erb:38: syntax error, unexpected ':', expecting '}'
...      ​data: ​{ ​confirm: ​​'Are you sure?'​ } ...
...                              ^
/Users/anika/depot/app/views/products/index.html.erb:38: syntax error, unexpected tIDENTIFIER, expecting ')'
...nfirm: ​​'Are you sure?'​ } ​);@output_buffer.safe_a...
...                            ^~~):
  
app/views/products/index.html.erb:11: syntax error, unexpected tIDENTIFIER, expecting ')'
app/views/products/index.html.erb:11: syntax error, unexpected tIDENTIFIER, expecting keyword_do or '{' or '('
app/views/products/index.html.erb:17: syntax error, unexpected tIDENTIFIER, expecting ')'
app/views/products/index.html.erb:17: syntax error, unexpected tSTRING_BEG, expecting keyword_do or '{' or '('
app/views/products/index.html.erb:17: syntax error, unexpected tIDENTIFIER, expecting ')'
app/views/products/index.html.erb:19: syntax error, unexpected tSTRING_BEG, expecting keyword_do or '{' or '('
app/views/products/index.html.erb:19: syntax error, unexpected tIDENTIFIER, expecting ')'
app/views/products/index.html.erb:26: syntax error, unexpected tLABEL, expecting keyword_do or '{' or '('
app/views/products/index.html.erb:32: syntax error, unexpected tIDENTIFIER, expecting ')'
app/views/products/index.html.erb:32: syntax error, unexpected tIDENTIFIER, expecting keyword_do or '{' or '('
app/views/products/index.html.erb:33: syntax error, unexpected tIDENTIFIER, expecting ')'
app/views/products/index.html.erb:33: syntax error, unexpected tIDENTIFIER, expecting &. or :: or '[' or '.'
app/views/products/index.html.erb:35: syntax error, unexpected tIDENTIFIER, expecting ')'
app/views/products/index.html.erb:36: syntax error, unexpected tIDENTIFIER, expecting keyword_do or '{' or '('
app/views/products/index.html.erb:37: syntax error, unexpected tLABEL, expecting keyword_do or '{' or '('
app/views/products/index.html.erb:38: syntax error, unexpected ':', expecting '}'
app/views/products/index.html.erb:38: syntax error, unexpected tIDENTIFIER, expecting ')'
Started GET "/products" for 127.0.0.1 at 2018-05-16 19:58:04 +0530
Processing by ProductsController#index as HTML
  Rendering products/index.html.erb within layouts/application
  Rendered products/index.html.erb within layouts/application (1.2ms)
Completed 500 Internal Server Error in 9ms (ActiveRecord: 0.0ms)


  
SyntaxError (/Users/anika/depot/app/views/products/index.html.erb:11: syntax error, unexpected tIDENTIFIER, expecting ')'
...​ link_to ​'New product'​, new_product_path ​);@outp...
...                            ^~~
/Users/anika/depot/app/views/products/index.html.erb:11: syntax error, unexpected tIDENTIFIER, expecting keyword_do or '{' or '('
...oduct'​, new_product_path ​);@output_buffer.safe_append=...
...                            ^~~
/Users/anika/depot/app/views/products/index.html.erb:17: syntax error, unexpected tIDENTIFIER, expecting ')'
...​ cycle(​'list_line_odd'​, ​'list_line_even'​) ​...
...                            ^~~
/Users/anika/depot/app/views/products/index.html.erb:17: syntax error, unexpected tSTRING_BEG, expecting keyword_do or '{' or '('
...cle(​'list_line_odd'​, ​'list_line_even'​) ​);@out...
...                              ^
/Users/anika/depot/app/views/products/index.html.erb:17: syntax error, unexpected tIDENTIFIER, expecting ')'
...odd'​, ​'list_line_even'​) ​);@output_buffer.safe_ap...
...                            ^~~
/Users/anika/depot/app/views/products/index.html.erb:19: syntax error, unexpected tSTRING_BEG, expecting keyword_do or '{' or '('
...ct.image_url, ​class: ​​'list_image'​) ​);@output_...
...                              ^
/Users/anika/depot/app/views/products/index.html.erb:19: syntax error, unexpected tIDENTIFIER, expecting ')'
...​class: ​​'list_image'​) ​);@output_buffer.safe_ap...
...                            ^~~
/Users/anika/depot/app/views/products/index.html.erb:26: syntax error, unexpected tLABEL, expecting keyword_do or '{' or '('
...                     ​length: ​80) ​);@output_buffer.s...
...                     ^~~~~~~~~~
/Users/anika/depot/app/views/products/index.html.erb:32: syntax error, unexpected tIDENTIFIER, expecting ')'
...ppend=(​ link_to ​'Show'​, product ​);@output_buffer...
...                            ^~~
/Users/anika/depot/app/views/products/index.html.erb:32: syntax error, unexpected tIDENTIFIER, expecting keyword_do or '{' or '('
...nk_to ​'Show'​, product ​);@output_buffer.safe_append=...
...                            ^~~
/Users/anika/depot/app/views/products/index.html.erb:33: syntax error, unexpected tIDENTIFIER, expecting ')'
...ppend=(​ link_to ​'Edit'​, edit_product_path(product) ...
...                            ^~~
/Users/anika/depot/app/views/products/index.html.erb:33: syntax error, unexpected tIDENTIFIER, expecting &. or :: or '[' or '.'
... edit_product_path(product) ​);@output_buffer.safe_append=...
...                            ^~~
/Users/anika/depot/app/views/products/index.html.erb:35: syntax error, unexpected tIDENTIFIER, expecting ')'
...nd=(​ link_to ​'Destroy'​, product, method: :delete​...
...                            ^~~
/Users/anika/depot/app/views/products/index.html.erb:35: syntax error, unexpected tLABEL, expecting '='
...​'Destroy'​, product, method: :delete​, ​data: ​{ ...
...                          ^~~~~~~
/Users/anika/depot/app/views/products/index.html.erb:35: syntax error, unexpected ':', expecting '}'
...e​, ​data: ​{ ​confirm: ​​'Are you sure?'​ } ...
...                              ^
/Users/anika/depot/app/views/products/index.html.erb:35: syntax error, unexpected tIDENTIFIER, expecting ')'
...nfirm: ​​'Are you sure?'​ } ​);@output_buffer.safe_a...
...                            ^~~):
  
app/views/products/index.html.erb:11: syntax error, unexpected tIDENTIFIER, expecting ')'
app/views/products/index.html.erb:11: syntax error, unexpected tIDENTIFIER, expecting keyword_do or '{' or '('
app/views/products/index.html.erb:17: syntax error, unexpected tIDENTIFIER, expecting ')'
app/views/products/index.html.erb:17: syntax error, unexpected tSTRING_BEG, expecting keyword_do or '{' or '('
app/views/products/index.html.erb:17: syntax error, unexpected tIDENTIFIER, expecting ')'
app/views/products/index.html.erb:19: syntax error, unexpected tSTRING_BEG, expecting keyword_do or '{' or '('
app/views/products/index.html.erb:19: syntax error, unexpected tIDENTIFIER, expecting ')'
app/views/products/index.html.erb:26: syntax error, unexpected tLABEL, expecting keyword_do or '{' or '('
app/views/products/index.html.erb:32: syntax error, unexpected tIDENTIFIER, expecting ')'
app/views/products/index.html.erb:32: syntax error, unexpected tIDENTIFIER, expecting keyword_do or '{' or '('
app/views/products/index.html.erb:33: syntax error, unexpected tIDENTIFIER, expecting ')'
app/views/products/index.html.erb:33: syntax error, unexpected tIDENTIFIER, expecting &. or :: or '[' or '.'
app/views/products/index.html.erb:35: syntax error, unexpected tIDENTIFIER, expecting ')'
app/views/products/index.html.erb:35: syntax error, unexpected tLABEL, expecting '='
app/views/products/index.html.erb:35: syntax error, unexpected ':', expecting '}'
app/views/products/index.html.erb:35: syntax error, unexpected tIDENTIFIER, expecting ')'
Started GET "/products" for 127.0.0.1 at 2018-05-16 19:58:05 +0530
Processing by ProductsController#index as HTML
  Rendering products/index.html.erb within layouts/application
  Rendered products/index.html.erb within layouts/application (1.3ms)
Completed 500 Internal Server Error in 9ms (ActiveRecord: 0.0ms)


  
SyntaxError (/Users/anika/depot/app/views/products/index.html.erb:11: syntax error, unexpected tIDENTIFIER, expecting ')'
...​ link_to ​'New product'​, new_product_path ​);@outp...
...                            ^~~
/Users/anika/depot/app/views/products/index.html.erb:11: syntax error, unexpected tIDENTIFIER, expecting keyword_do or '{' or '('
...oduct'​, new_product_path ​);@output_buffer.safe_append=...
...                            ^~~
/Users/anika/depot/app/views/products/index.html.erb:17: syntax error, unexpected tIDENTIFIER, expecting ')'
...​ cycle(​'list_line_odd'​, ​'list_line_even'​) ​...
...                            ^~~
/Users/anika/depot/app/views/products/index.html.erb:17: syntax error, unexpected tSTRING_BEG, expecting keyword_do or '{' or '('
...cle(​'list_line_odd'​, ​'list_line_even'​) ​);@out...
...                              ^
/Users/anika/depot/app/views/products/index.html.erb:17: syntax error, unexpected tIDENTIFIER, expecting ')'
...odd'​, ​'list_line_even'​) ​);@output_buffer.safe_ap...
...                            ^~~
/Users/anika/depot/app/views/products/index.html.erb:19: syntax error, unexpected tSTRING_BEG, expecting keyword_do or '{' or '('
...ct.image_url, ​class: ​​'list_image'​) ​);@output_...
...                              ^
/Users/anika/depot/app/views/products/index.html.erb:19: syntax error, unexpected tIDENTIFIER, expecting ')'
...​class: ​​'list_image'​) ​);@output_buffer.safe_ap...
...                            ^~~
/Users/anika/depot/app/views/products/index.html.erb:26: syntax error, unexpected tLABEL, expecting keyword_do or '{' or '('
...                     ​length: ​80) ​);@output_buffer.s...
...                     ^~~~~~~~~~
/Users/anika/depot/app/views/products/index.html.erb:32: syntax error, unexpected tIDENTIFIER, expecting ')'
...ppend=(​ link_to ​'Show'​, product ​);@output_buffer...
...                            ^~~
/Users/anika/depot/app/views/products/index.html.erb:32: syntax error, unexpected tIDENTIFIER, expecting keyword_do or '{' or '('
...nk_to ​'Show'​, product ​);@output_buffer.safe_append=...
...                            ^~~
/Users/anika/depot/app/views/products/index.html.erb:33: syntax error, unexpected tIDENTIFIER, expecting ')'
...ppend=(​ link_to ​'Edit'​, edit_product_path(product) ...
...                            ^~~
/Users/anika/depot/app/views/products/index.html.erb:33: syntax error, unexpected tIDENTIFIER, expecting &. or :: or '[' or '.'
... edit_product_path(product) ​);@output_buffer.safe_append=...
...                            ^~~
/Users/anika/depot/app/views/products/index.html.erb:35: syntax error, unexpected tIDENTIFIER, expecting ')'
...nd=(​ link_to ​'Destroy'​, product, method: :delete​...
...                            ^~~
/Users/anika/depot/app/views/products/index.html.erb:35: syntax error, unexpected tLABEL, expecting '='
...​'Destroy'​, product, method: :delete​, ​data: ​{ ...
...                          ^~~~~~~
/Users/anika/depot/app/views/products/index.html.erb:35: syntax error, unexpected ':', expecting '}'
...e​, ​data: ​{ ​confirm: ​​'Are you sure?'​ } ...
...                              ^
/Users/anika/depot/app/views/products/index.html.erb:35: syntax error, unexpected tIDENTIFIER, expecting ')'
...nfirm: ​​'Are you sure?'​ } ​);@output_buffer.safe_a...
...                            ^~~):
  
app/views/products/index.html.erb:11: syntax error, unexpected tIDENTIFIER, expecting ')'
app/views/products/index.html.erb:11: syntax error, unexpected tIDENTIFIER, expecting keyword_do or '{' or '('
app/views/products/index.html.erb:17: syntax error, unexpected tIDENTIFIER, expecting ')'
app/views/products/index.html.erb:17: syntax error, unexpected tSTRING_BEG, expecting keyword_do or '{' or '('
app/views/products/index.html.erb:17: syntax error, unexpected tIDENTIFIER, expecting ')'
app/views/products/index.html.erb:19: syntax error, unexpected tSTRING_BEG, expecting keyword_do or '{' or '('
app/views/products/index.html.erb:19: syntax error, unexpected tIDENTIFIER, expecting ')'
app/views/products/index.html.erb:26: syntax error, unexpected tLABEL, expecting keyword_do or '{' or '('
app/views/products/index.html.erb:32: syntax error, unexpected tIDENTIFIER, expecting ')'
app/views/products/index.html.erb:32: syntax error, unexpected tIDENTIFIER, expecting keyword_do or '{' or '('
app/views/products/index.html.erb:33: syntax error, unexpected tIDENTIFIER, expecting ')'
app/views/products/index.html.erb:33: syntax error, unexpected tIDENTIFIER, expecting &. or :: or '[' or '.'
app/views/products/index.html.erb:35: syntax error, unexpected tIDENTIFIER, expecting ')'
app/views/products/index.html.erb:35: syntax error, unexpected tLABEL, expecting '='
app/views/products/index.html.erb:35: syntax error, unexpected ':', expecting '}'
app/views/products/index.html.erb:35: syntax error, unexpected tIDENTIFIER, expecting ')'
Started GET "/products" for 127.0.0.1 at 2018-05-16 20:00:32 +0530
Processing by ProductsController#index as HTML
  Rendering products/index.html.erb within layouts/application
  Rendered products/index.html.erb within layouts/application (1.6ms)
Completed 500 Internal Server Error in 9ms (ActiveRecord: 0.0ms)


  
SyntaxError (/Users/anika/depot/app/views/products/index.html.erb:11: syntax error, unexpected tIDENTIFIER, expecting ')'
...​ link_to ​'New product'​, new_product_path ​);@outp...
...                            ^~~
/Users/anika/depot/app/views/products/index.html.erb:11: syntax error, unexpected tIDENTIFIER, expecting keyword_do or '{' or '('
...oduct'​, new_product_path ​);@output_buffer.safe_append=...
...                            ^~~
/Users/anika/depot/app/views/products/index.html.erb:17: syntax error, unexpected tIDENTIFIER, expecting ')'
...​ cycle(​'list_line_odd'​, ​'list_line_even'​) ​...
...                            ^~~
/Users/anika/depot/app/views/products/index.html.erb:17: syntax error, unexpected tSTRING_BEG, expecting keyword_do or '{' or '('
...cle(​'list_line_odd'​, ​'list_line_even'​) ​);@out...
...                              ^
/Users/anika/depot/app/views/products/index.html.erb:17: syntax error, unexpected tIDENTIFIER, expecting ')'
...odd'​, ​'list_line_even'​) ​);@output_buffer.safe_ap...
...                            ^~~
/Users/anika/depot/app/views/products/index.html.erb:19: syntax error, unexpected tSTRING_BEG, expecting keyword_do or '{' or '('
...ct.image_url, ​class: ​​'list_image'​) ​);@output_...
...                              ^
/Users/anika/depot/app/views/products/index.html.erb:19: syntax error, unexpected tIDENTIFIER, expecting ')'
...​class: ​​'list_image'​) ​);@output_buffer.safe_ap...
...                            ^~~
/Users/anika/depot/app/views/products/index.html.erb:25: syntax error, unexpected tIDENTIFIER, expecting ')'
...escription), length: ​80) ​);@output_buffer.safe_append=...
...                            ^~~
/Users/anika/depot/app/views/products/index.html.erb:31: syntax error, unexpected tIDENTIFIER, expecting ')'
...ppend=(​ link_to ​'Show'​, product ​);@output_buffer...
...                            ^~~
/Users/anika/depot/app/views/products/index.html.erb:31: syntax error, unexpected tIDENTIFIER, expecting keyword_do or '{' or '('
...nk_to ​'Show'​, product ​);@output_buffer.safe_append='
...                            ^~~
/Users/anika/depot/app/views/products/index.html.erb:33: syntax error, unexpected tIDENTIFIER, expecting ')'
...ppend=(​ link_to ​'Edit'​, edit_product_path(product) ...
...                            ^~~
/Users/anika/depot/app/views/products/index.html.erb:33: syntax error, unexpected tIDENTIFIER, expecting &. or :: or '[' or '.'
... edit_product_path(product) ​);@output_buffer.safe_append=...
...                            ^~~
/Users/anika/depot/app/views/products/index.html.erb:36: syntax error, unexpected tIDENTIFIER, expecting ')'
...nd=(​ link_to ​'Destroy'​,
...                            ^~~
/Users/anika/depot/app/views/products/index.html.erb:38: syntax error, unexpected tLABEL, expecting '='
...                        method: :delete​,
...                        ^~~~~~~
/Users/anika/depot/app/views/products/index.html.erb:39: syntax error, unexpected ':', expecting '}'
...      ​data: ​{ ​confirm: ​​'Are you sure?'​ } ...
...                              ^
/Users/anika/depot/app/views/products/index.html.erb:39: syntax error, unexpected tIDENTIFIER, expecting ')'
...nfirm: ​​'Are you sure?'​ } ​);@output_buffer.safe_a...
...                            ^~~):
  
app/views/products/index.html.erb:11: syntax error, unexpected tIDENTIFIER, expecting ')'
app/views/products/index.html.erb:11: syntax error, unexpected tIDENTIFIER, expecting keyword_do or '{' or '('
app/views/products/index.html.erb:17: syntax error, unexpected tIDENTIFIER, expecting ')'
app/views/products/index.html.erb:17: syntax error, unexpected tSTRING_BEG, expecting keyword_do or '{' or '('
app/views/products/index.html.erb:17: syntax error, unexpected tIDENTIFIER, expecting ')'
app/views/products/index.html.erb:19: syntax error, unexpected tSTRING_BEG, expecting keyword_do or '{' or '('
app/views/products/index.html.erb:19: syntax error, unexpected tIDENTIFIER, expecting ')'
app/views/products/index.html.erb:25: syntax error, unexpected tIDENTIFIER, expecting ')'
app/views/products/index.html.erb:31: syntax error, unexpected tIDENTIFIER, expecting ')'
app/views/products/index.html.erb:31: syntax error, unexpected tIDENTIFIER, expecting keyword_do or '{' or '('
app/views/products/index.html.erb:33: syntax error, unexpected tIDENTIFIER, expecting ')'
app/views/products/index.html.erb:33: syntax error, unexpected tIDENTIFIER, expecting &. or :: or '[' or '.'
app/views/products/index.html.erb:36: syntax error, unexpected tIDENTIFIER, expecting ')'
app/views/products/index.html.erb:38: syntax error, unexpected tLABEL, expecting '='
app/views/products/index.html.erb:39: syntax error, unexpected ':', expecting '}'
app/views/products/index.html.erb:39: syntax error, unexpected tIDENTIFIER, expecting ')'
Started GET "/products" for 127.0.0.1 at 2018-05-16 20:02:28 +0530
  [1m[35m (0.2ms)[0m  [1m[34mSELECT "schema_migrations"."version" FROM "schema_migrations" ORDER BY "schema_migrations"."version" ASC[0m
Processing by ProductsController#index as HTML
  Rendering products/index.html.erb within layouts/application
  Rendered products/index.html.erb within layouts/application (1.5ms)
Completed 500 Internal Server Error in 23ms (ActiveRecord: 0.0ms)


  
SyntaxError (/Users/anika/depot/app/views/products/index.html.erb:11: syntax error, unexpected tIDENTIFIER, expecting ')'
...​ link_to ​'New product'​, new_product_path ​);@outp...
...                            ^~~
/Users/anika/depot/app/views/products/index.html.erb:11: syntax error, unexpected tIDENTIFIER, expecting keyword_do or '{' or '('
...oduct'​, new_product_path ​);@output_buffer.safe_append=...
...                            ^~~
/Users/anika/depot/app/views/products/index.html.erb:17: syntax error, unexpected tIDENTIFIER, expecting ')'
...​ cycle(​'list_line_odd'​, ​'list_line_even'​) ​...
...                            ^~~
/Users/anika/depot/app/views/products/index.html.erb:17: syntax error, unexpected tSTRING_BEG, expecting keyword_do or '{' or '('
...cle(​'list_line_odd'​, ​'list_line_even'​) ​);@out...
...                              ^
/Users/anika/depot/app/views/products/index.html.erb:17: syntax error, unexpected tIDENTIFIER, expecting ')'
...odd'​, ​'list_line_even'​) ​);@output_buffer.safe_ap...
...                            ^~~
/Users/anika/depot/app/views/products/index.html.erb:19: syntax error, unexpected tSTRING_BEG, expecting keyword_do or '{' or '('
...ct.image_url, ​class: ​​'list_image'​) ​);@output_...
...                              ^
/Users/anika/depot/app/views/products/index.html.erb:19: syntax error, unexpected tIDENTIFIER, expecting ')'
...​class: ​​'list_image'​) ​);@output_buffer.safe_ap...
...                            ^~~
/Users/anika/depot/app/views/products/index.html.erb:25: syntax error, unexpected tIDENTIFIER, expecting ')'
...escription), length: ​80) ​);@output_buffer.safe_append=...
...                            ^~~
/Users/anika/depot/app/views/products/index.html.erb:31: syntax error, unexpected tIDENTIFIER, expecting ')'
...ppend=(​ link_to ​'Show'​, product ​);@output_buffer...
...                            ^~~
/Users/anika/depot/app/views/products/index.html.erb:31: syntax error, unexpected tIDENTIFIER, expecting keyword_do or '{' or '('
...nk_to ​'Show'​, product ​);@output_buffer.safe_append='
...                            ^~~
/Users/anika/depot/app/views/products/index.html.erb:33: syntax error, unexpected tIDENTIFIER, expecting ')'
...ppend=(​ link_to ​'Edit'​, edit_product_path(product) ...
...                            ^~~
/Users/anika/depot/app/views/products/index.html.erb:33: syntax error, unexpected tIDENTIFIER, expecting &. or :: or '[' or '.'
... edit_product_path(product) ​);@output_buffer.safe_append=...
...                            ^~~
/Users/anika/depot/app/views/products/index.html.erb:36: syntax error, unexpected tIDENTIFIER, expecting ')'
...nd=(​ link_to ​'Destroy'​,
...                            ^~~
/Users/anika/depot/app/views/products/index.html.erb:38: syntax error, unexpected tLABEL, expecting '='
...                        method: :delete​,
...                        ^~~~~~~
/Users/anika/depot/app/views/products/index.html.erb:39: syntax error, unexpected ':', expecting '}'
...      ​data: ​{ ​confirm: ​​'Are you sure?'​ } ...
...                              ^
/Users/anika/depot/app/views/products/index.html.erb:39: syntax error, unexpected tIDENTIFIER, expecting ')'
...nfirm: ​​'Are you sure?'​ } ​);@output_buffer.safe_a...
...                            ^~~):
  
app/views/products/index.html.erb:11: syntax error, unexpected tIDENTIFIER, expecting ')'
app/views/products/index.html.erb:11: syntax error, unexpected tIDENTIFIER, expecting keyword_do or '{' or '('
app/views/products/index.html.erb:17: syntax error, unexpected tIDENTIFIER, expecting ')'
app/views/products/index.html.erb:17: syntax error, unexpected tSTRING_BEG, expecting keyword_do or '{' or '('
app/views/products/index.html.erb:17: syntax error, unexpected tIDENTIFIER, expecting ')'
app/views/products/index.html.erb:19: syntax error, unexpected tSTRING_BEG, expecting keyword_do or '{' or '('
app/views/products/index.html.erb:19: syntax error, unexpected tIDENTIFIER, expecting ')'
app/views/products/index.html.erb:25: syntax error, unexpected tIDENTIFIER, expecting ')'
app/views/products/index.html.erb:31: syntax error, unexpected tIDENTIFIER, expecting ')'
app/views/products/index.html.erb:31: syntax error, unexpected tIDENTIFIER, expecting keyword_do or '{' or '('
app/views/products/index.html.erb:33: syntax error, unexpected tIDENTIFIER, expecting ')'
app/views/products/index.html.erb:33: syntax error, unexpected tIDENTIFIER, expecting &. or :: or '[' or '.'
app/views/products/index.html.erb:36: syntax error, unexpected tIDENTIFIER, expecting ')'
app/views/products/index.html.erb:38: syntax error, unexpected tLABEL, expecting '='
app/views/products/index.html.erb:39: syntax error, unexpected ':', expecting '}'
app/views/products/index.html.erb:39: syntax error, unexpected tIDENTIFIER, expecting ')'
Started GET "/products" for 127.0.0.1 at 2018-05-16 20:04:17 +0530
Processing by ProductsController#index as HTML
  Rendering products/index.html.erb within layouts/application
  Rendered products/index.html.erb within layouts/application (1.5ms)
Completed 500 Internal Server Error in 9ms (ActiveRecord: 0.0ms)


  
SyntaxError (/Users/anika/depot/app/views/products/index.html.erb:11: syntax error, unexpected tIDENTIFIER, expecting ')'
...​ link_to ​'New product'​, new_product_path ​);@outp...
...                            ^~~
/Users/anika/depot/app/views/products/index.html.erb:11: syntax error, unexpected tIDENTIFIER, expecting keyword_do or '{' or '('
...oduct'​, new_product_path ​);@output_buffer.safe_append=...
...                            ^~~
/Users/anika/depot/app/views/products/index.html.erb:17: syntax error, unexpected tIDENTIFIER, expecting ')'
...​ cycle(​'list_line_odd'​, ​'list_line_even'​) ​...
...                            ^~~
/Users/anika/depot/app/views/products/index.html.erb:17: syntax error, unexpected tSTRING_BEG, expecting keyword_do or '{' or '('
...cle(​'list_line_odd'​, ​'list_line_even'​) ​);@out...
...                              ^
/Users/anika/depot/app/views/products/index.html.erb:17: syntax error, unexpected tIDENTIFIER, expecting ')'
...odd'​, ​'list_line_even'​) ​);@output_buffer.safe_ap...
...                            ^~~
/Users/anika/depot/app/views/products/index.html.erb:19: syntax error, unexpected tSTRING_BEG, expecting keyword_do or '{' or '('
...ct.image_url, ​class: ​​'list_image'​) ​);@output_...
...                              ^
/Users/anika/depot/app/views/products/index.html.erb:19: syntax error, unexpected tIDENTIFIER, expecting ')'
...​class: ​​'list_image'​) ​);@output_buffer.safe_ap...
...                            ^~~
/Users/anika/depot/app/views/products/index.html.erb:25: syntax error, unexpected tIDENTIFIER, expecting ')'
...escription), length: ​80) ​);@output_buffer.safe_append=...
...                            ^~~
/Users/anika/depot/app/views/products/index.html.erb:31: syntax error, unexpected tIDENTIFIER, expecting ')'
...ppend=(​ link_to ​'Show'​, product ​);@output_buffer...
...                            ^~~
/Users/anika/depot/app/views/products/index.html.erb:31: syntax error, unexpected tIDENTIFIER, expecting keyword_do or '{' or '('
...nk_to ​'Show'​, product ​);@output_buffer.safe_append='
...                            ^~~
/Users/anika/depot/app/views/products/index.html.erb:33: syntax error, unexpected tIDENTIFIER, expecting ')'
...ppend=(​ link_to ​'Edit'​, edit_product_path(product) ...
...                            ^~~
/Users/anika/depot/app/views/products/index.html.erb:33: syntax error, unexpected tIDENTIFIER, expecting &. or :: or '[' or '.'
... edit_product_path(product) ​);@output_buffer.safe_append=...
...                            ^~~
/Users/anika/depot/app/views/products/index.html.erb:36: syntax error, unexpected tIDENTIFIER, expecting ')'
...nd=(​ link_to ​'Destroy'​,
...                            ^~~
/Users/anika/depot/app/views/products/index.html.erb:38: syntax error, unexpected tLABEL, expecting '='
...                        method: :delete​,
...                        ^~~~~~~
/Users/anika/depot/app/views/products/index.html.erb:39: syntax error, unexpected ':', expecting '}'
...      ​data: ​{ ​confirm: ​​'Are you sure?'​ } ...
...                              ^
/Users/anika/depot/app/views/products/index.html.erb:39: syntax error, unexpected tIDENTIFIER, expecting ')'
...nfirm: ​​'Are you sure?'​ } ​);@output_buffer.safe_a...
...                            ^~~):
  
app/views/products/index.html.erb:11: syntax error, unexpected tIDENTIFIER, expecting ')'
app/views/products/index.html.erb:11: syntax error, unexpected tIDENTIFIER, expecting keyword_do or '{' or '('
app/views/products/index.html.erb:17: syntax error, unexpected tIDENTIFIER, expecting ')'
app/views/products/index.html.erb:17: syntax error, unexpected tSTRING_BEG, expecting keyword_do or '{' or '('
app/views/products/index.html.erb:17: syntax error, unexpected tIDENTIFIER, expecting ')'
app/views/products/index.html.erb:19: syntax error, unexpected tSTRING_BEG, expecting keyword_do or '{' or '('
app/views/products/index.html.erb:19: syntax error, unexpected tIDENTIFIER, expecting ')'
app/views/products/index.html.erb:25: syntax error, unexpected tIDENTIFIER, expecting ')'
app/views/products/index.html.erb:31: syntax error, unexpected tIDENTIFIER, expecting ')'
app/views/products/index.html.erb:31: syntax error, unexpected tIDENTIFIER, expecting keyword_do or '{' or '('
app/views/products/index.html.erb:33: syntax error, unexpected tIDENTIFIER, expecting ')'
app/views/products/index.html.erb:33: syntax error, unexpected tIDENTIFIER, expecting &. or :: or '[' or '.'
app/views/products/index.html.erb:36: syntax error, unexpected tIDENTIFIER, expecting ')'
app/views/products/index.html.erb:38: syntax error, unexpected tLABEL, expecting '='
app/views/products/index.html.erb:39: syntax error, unexpected ':', expecting '}'
app/views/products/index.html.erb:39: syntax error, unexpected tIDENTIFIER, expecting ')'
Started GET "/products" for 127.0.0.1 at 2018-05-16 20:05:20 +0530
Processing by ProductsController#index as HTML
  Rendering products/index.html.erb within layouts/application
  Rendered products/index.html.erb within layouts/application (1.5ms)
Completed 500 Internal Server Error in 9ms (ActiveRecord: 0.0ms)


  
SyntaxError (/Users/anika/depot/app/views/products/index.html.erb:11: syntax error, unexpected tIDENTIFIER, expecting ')'
...​ link_to ​'New product'​,new_product_path ​);@outpu...
...                            ^~~
/Users/anika/depot/app/views/products/index.html.erb:11: syntax error, unexpected tIDENTIFIER, expecting keyword_do or '{' or '('
...roduct'​,new_product_path ​);@output_buffer.safe_append=...
...                            ^~~
/Users/anika/depot/app/views/products/index.html.erb:17: syntax error, unexpected tIDENTIFIER, expecting ')'
...​ cycle(​'list_line_odd'​, ​'list_line_even'​) ​...
...                            ^~~
/Users/anika/depot/app/views/products/index.html.erb:17: syntax error, unexpected tSTRING_BEG, expecting keyword_do or '{' or '('
...cle(​'list_line_odd'​, ​'list_line_even'​) ​);@out...
...                              ^
/Users/anika/depot/app/views/products/index.html.erb:17: syntax error, unexpected tIDENTIFIER, expecting ')'
...odd'​, ​'list_line_even'​) ​);@output_buffer.safe_ap...
...                            ^~~
/Users/anika/depot/app/views/products/index.html.erb:19: syntax error, unexpected tSTRING_BEG, expecting keyword_do or '{' or '('
...ct.image_url, ​class: ​​'list_image'​) ​);@output_...
...                              ^
/Users/anika/depot/app/views/products/index.html.erb:19: syntax error, unexpected tIDENTIFIER, expecting ')'
...​class: ​​'list_image'​) ​);@output_buffer.safe_ap...
...                            ^~~
/Users/anika/depot/app/views/products/index.html.erb:25: syntax error, unexpected tIDENTIFIER, expecting ')'
...escription), length: ​80) ​);@output_buffer.safe_append=...
...                            ^~~
/Users/anika/depot/app/views/products/index.html.erb:31: syntax error, unexpected tIDENTIFIER, expecting ')'
...ppend=(​ link_to ​'Show'​, product ​);@output_buffer...
...                            ^~~
/Users/anika/depot/app/views/products/index.html.erb:31: syntax error, unexpected tIDENTIFIER, expecting keyword_do or '{' or '('
...nk_to ​'Show'​, product ​);@output_buffer.safe_append='
...                            ^~~
/Users/anika/depot/app/views/products/index.html.erb:33: syntax error, unexpected tIDENTIFIER, expecting ')'
...ppend=(​ link_to ​'Edit'​, edit_product_path(product) ...
...                            ^~~
/Users/anika/depot/app/views/products/index.html.erb:33: syntax error, unexpected tIDENTIFIER, expecting &. or :: or '[' or '.'
... edit_product_path(product) ​);@output_buffer.safe_append=...
...                            ^~~
/Users/anika/depot/app/views/products/index.html.erb:36: syntax error, unexpected tIDENTIFIER, expecting ')'
...nd=(​ link_to ​'Destroy'​,
...                            ^~~
/Users/anika/depot/app/views/products/index.html.erb:38: syntax error, unexpected tLABEL, expecting '='
...                        method: :delete​,
...                        ^~~~~~~
/Users/anika/depot/app/views/products/index.html.erb:39: syntax error, unexpected ':', expecting '}'
...      ​data: ​{ ​confirm: ​​'Are you sure?'​ } ...
...                              ^
/Users/anika/depot/app/views/products/index.html.erb:39: syntax error, unexpected tIDENTIFIER, expecting ')'
...nfirm: ​​'Are you sure?'​ } ​);@output_buffer.safe_a...
...                            ^~~):
  
app/views/products/index.html.erb:11: syntax error, unexpected tIDENTIFIER, expecting ')'
app/views/products/index.html.erb:11: syntax error, unexpected tIDENTIFIER, expecting keyword_do or '{' or '('
app/views/products/index.html.erb:17: syntax error, unexpected tIDENTIFIER, expecting ')'
app/views/products/index.html.erb:17: syntax error, unexpected tSTRING_BEG, expecting keyword_do or '{' or '('
app/views/products/index.html.erb:17: syntax error, unexpected tIDENTIFIER, expecting ')'
app/views/products/index.html.erb:19: syntax error, unexpected tSTRING_BEG, expecting keyword_do or '{' or '('
app/views/products/index.html.erb:19: syntax error, unexpected tIDENTIFIER, expecting ')'
app/views/products/index.html.erb:25: syntax error, unexpected tIDENTIFIER, expecting ')'
app/views/products/index.html.erb:31: syntax error, unexpected tIDENTIFIER, expecting ')'
app/views/products/index.html.erb:31: syntax error, unexpected tIDENTIFIER, expecting keyword_do or '{' or '('
app/views/products/index.html.erb:33: syntax error, unexpected tIDENTIFIER, expecting ')'
app/views/products/index.html.erb:33: syntax error, unexpected tIDENTIFIER, expecting &. or :: or '[' or '.'
app/views/products/index.html.erb:36: syntax error, unexpected tIDENTIFIER, expecting ')'
app/views/products/index.html.erb:38: syntax error, unexpected tLABEL, expecting '='
app/views/products/index.html.erb:39: syntax error, unexpected ':', expecting '}'
app/views/products/index.html.erb:39: syntax error, unexpected tIDENTIFIER, expecting ')'
Started GET "/products" for 127.0.0.1 at 2018-05-16 20:10:06 +0530
Processing by ProductsController#index as HTML
  Rendering products/index.html.erb within layouts/application
  [1m[36mProduct Load (0.2ms)[0m  [1m[34mSELECT "products".* FROM "products"[0m
  Rendered products/index.html.erb within layouts/application (313.7ms)
Completed 200 OK in 336ms (Views: 332.6ms | ActiveRecord: 1.1ms)


Started GET "/products/3" for 127.0.0.1 at 2018-05-16 20:20:18 +0530
Processing by ProductsController#show as HTML
  Parameters: {"id"=>"3"}
  [1m[36mProduct Load (0.3ms)[0m  [1m[34mSELECT  "products".* FROM "products" WHERE "products"."id" = ? LIMIT ?[0m  [["id", 3], ["LIMIT", 1]]
  Rendering products/show.html.erb within layouts/application
  Rendered products/show.html.erb within layouts/application (0.8ms)
Completed 200 OK in 27ms (Views: 20.3ms | ActiveRecord: 0.3ms)


Started GET "/products/2" for 127.0.0.1 at 2018-05-16 20:20:21 +0530
Processing by ProductsController#show as HTML
  Parameters: {"id"=>"2"}
  [1m[36mProduct Load (0.2ms)[0m  [1m[34mSELECT  "products".* FROM "products" WHERE "products"."id" = ? LIMIT ?[0m  [["id", 2], ["LIMIT", 1]]
  Rendering products/show.html.erb within layouts/application
  Rendered products/show.html.erb within layouts/application (1.1ms)
Completed 200 OK in 25ms (Views: 21.6ms | ActiveRecord: 0.2ms)


